[0.008s] Invoking command in '/home/majd/Desktop/ros2_ws/build/my_robot_description': CMAKE_PREFIX_PATH=${CMAKE_PREFIX_PATH}:/opt/ros/humble /usr/bin/cmake /home/majd/Desktop/ros2_ws/src/my_robot_description -DAMENT_CMAKE_SYMLINK_INSTALL=1 -DCMAKE_INSTALL_PREFIX=/home/majd/Desktop/ros2_ws/install/my_robot_description
[0.036s] -- The C compiler identification is GNU 11.4.0
[0.066s] -- The CXX compiler identification is GNU 11.4.0
[0.070s] -- Detecting C compiler ABI info
[0.106s] -- Detecting C compiler ABI info - done
[0.111s] -- Check for working C compiler: /usr/bin/cc - skipped
[0.111s] -- Detecting C compile features
[0.111s] -- Detecting C compile features - done
[0.113s] -- Detecting CXX compiler ABI info
[0.156s] -- Detecting CXX compiler ABI info - done
[0.163s] -- Check for working CXX compiler: /usr/bin/c++ - skipped
[0.164s] -- Detecting CXX compile features
[0.164s] -- Detecting CXX compile features - done
[0.166s] -- Found ament_cmake: 1.3.9 (/opt/ros/humble/share/ament_cmake/cmake)
[0.255s] -- Found Python3: /usr/bin/python3 (found version "3.10.12") found components: Interpreter 
[0.289s] -- Override CMake install command with custom implementation using symlinks instead of copying resources
[0.340s] -- Configuring done
[0.341s] -- Generating done
[0.341s] -- Build files have been written to: /home/majd/Desktop/ros2_ws/build/my_robot_description
[0.344s] Invoked command in '/home/majd/Desktop/ros2_ws/build/my_robot_description' returned '0': CMAKE_PREFIX_PATH=${CMAKE_PREFIX_PATH}:/opt/ros/humble /usr/bin/cmake /home/majd/Desktop/ros2_ws/src/my_robot_description -DAMENT_CMAKE_SYMLINK_INSTALL=1 -DCMAKE_INSTALL_PREFIX=/home/majd/Desktop/ros2_ws/install/my_robot_description
[0.345s] Invoking command in '/home/majd/Desktop/ros2_ws/build/my_robot_description': CMAKE_PREFIX_PATH=${CMAKE_PREFIX_PATH}:/opt/ros/humble /usr/bin/cmake --build /home/majd/Desktop/ros2_ws/build/my_robot_description -- -j16 -l16
[0.364s] Invoked command in '/home/majd/Desktop/ros2_ws/build/my_robot_description' returned '0': CMAKE_PREFIX_PATH=${CMAKE_PREFIX_PATH}:/opt/ros/humble /usr/bin/cmake --build /home/majd/Desktop/ros2_ws/build/my_robot_description -- -j16 -l16
[0.380s] Invoking command in '/home/majd/Desktop/ros2_ws/build/my_robot_description': CMAKE_PREFIX_PATH=${CMAKE_PREFIX_PATH}:/opt/ros/humble /usr/bin/cmake --install /home/majd/Desktop/ros2_ws/build/my_robot_description
[0.389s] -- Install configuration: ""
[0.389s] -- Execute custom install script
[0.390s] -- Symlinking: /home/majd/Desktop/ros2_ws/install/my_robot_description/share/my_robot_description//urdf/common_properties.xacro
[0.397s] -- Symlinking: /home/majd/Desktop/ros2_ws/install/my_robot_description/share/my_robot_description//urdf/gyroscope.xacro
[0.402s] -- Symlinking: /home/majd/Desktop/ros2_ws/install/my_robot_description/share/my_robot_description//urdf/lidar.xacro
[0.407s] -- Symlinking: /home/majd/Desktop/ros2_ws/install/my_robot_description/share/my_robot_description//urdf/my_robot.urdf.xacro
[0.412s] -- Symlinking: /home/majd/Desktop/ros2_ws/install/my_robot_description/share/my_robot_description//urdf/my_robot_base.xacro
[0.416s] -- Symlinking: /home/majd/Desktop/ros2_ws/install/my_robot_description/share/my_robot_description//urdf/my_robot_base_mesh.xacro
[0.422s] -- Symlinking: /home/majd/Desktop/ros2_ws/install/my_robot_description/share/my_robot_description//urdf/my_robot_gazebo_control.xacro
[0.427s] -- Symlinking: /home/majd/Desktop/ros2_ws/install/my_robot_description/share/my_robot_description//urdf/my_robot_ros2_control.xacro
[0.432s] -- Symlinking: /home/majd/Desktop/ros2_ws/install/my_robot_description/share/my_robot_description//launch/__pycache__/my_robot_description.launch.cpython-310.pyc
[0.437s] -- Symlinking: /home/majd/Desktop/ros2_ws/install/my_robot_description/share/my_robot_description//launch/display.launch.xml
[0.441s] -- Symlinking: /home/majd/Desktop/ros2_ws/install/my_robot_description/share/my_robot_description//launch/my_robot_description.launch.py
[0.446s] -- Symlinking: /home/majd/Desktop/ros2_ws/install/my_robot_description/share/my_robot_description//launch/my_robot_gazebo_launch.xml
[0.451s] -- Symlinking: /home/majd/Desktop/ros2_ws/install/my_robot_description/share/my_robot_description//config/my_controllers.yaml
[0.456s] -- Symlinking: /home/majd/Desktop/ros2_ws/install/my_robot_description/share/my_robot_description//config/my_robot.rviz
[0.461s] -- Symlinking: /home/majd/Desktop/ros2_ws/install/my_robot_description/share/my_robot_description//meshes_description/my_robot.dae
[0.465s] -- Symlinking: /home/majd/Desktop/ros2_ws/install/my_robot_description/share/my_robot_description//meshes_description/my_robot.stl
[0.470s] -- Symlinking: /home/majd/Desktop/ros2_ws/install/my_robot_description/share/ament_index/resource_index/package_run_dependencies/my_robot_description
[0.474s] -- Symlinking: /home/majd/Desktop/ros2_ws/install/my_robot_description/share/ament_index/resource_index/parent_prefix_path/my_robot_description
[0.479s] -- Symlinking: /home/majd/Desktop/ros2_ws/install/my_robot_description/share/my_robot_description/environment/ament_prefix_path.sh
[0.483s] -- Symlinking: /home/majd/Desktop/ros2_ws/install/my_robot_description/share/my_robot_description/environment/ament_prefix_path.dsv
[0.488s] -- Symlinking: /home/majd/Desktop/ros2_ws/install/my_robot_description/share/my_robot_description/environment/path.sh
[0.493s] -- Symlinking: /home/majd/Desktop/ros2_ws/install/my_robot_description/share/my_robot_description/environment/path.dsv
[0.497s] -- Symlinking: /home/majd/Desktop/ros2_ws/install/my_robot_description/share/my_robot_description/local_setup.bash
[0.502s] -- Symlinking: /home/majd/Desktop/ros2_ws/install/my_robot_description/share/my_robot_description/local_setup.sh
[0.507s] -- Symlinking: /home/majd/Desktop/ros2_ws/install/my_robot_description/share/my_robot_description/local_setup.zsh
[0.511s] -- Symlinking: /home/majd/Desktop/ros2_ws/install/my_robot_description/share/my_robot_description/local_setup.dsv
[0.516s] -- Symlinking: /home/majd/Desktop/ros2_ws/install/my_robot_description/share/my_robot_description/package.dsv
[0.521s] -- Symlinking: /home/majd/Desktop/ros2_ws/install/my_robot_description/share/ament_index/resource_index/packages/my_robot_description
[0.526s] -- Symlinking: /home/majd/Desktop/ros2_ws/install/my_robot_description/share/my_robot_description/cmake/my_robot_descriptionConfig.cmake
[0.530s] -- Symlinking: /home/majd/Desktop/ros2_ws/install/my_robot_description/share/my_robot_description/cmake/my_robot_descriptionConfig-version.cmake
[0.535s] -- Symlinking: /home/majd/Desktop/ros2_ws/install/my_robot_description/share/my_robot_description/package.xml
[0.541s] Invoked command in '/home/majd/Desktop/ros2_ws/build/my_robot_description' returned '0': CMAKE_PREFIX_PATH=${CMAKE_PREFIX_PATH}:/opt/ros/humble /usr/bin/cmake --install /home/majd/Desktop/ros2_ws/build/my_robot_description
