[0.009s] Invoking command in '/home/majd/Desktop/ros2_ws/build/my_robot_localization': CMAKE_PREFIX_PATH=/opt/ros/humble /usr/bin/cmake /home/majd/Desktop/ros2_ws/src/my_robot_localization -DAMENT_CMAKE_SYMLINK_INSTALL=1 -DCMAKE_INSTALL_PREFIX=/home/majd/Desktop/ros2_ws/install/my_robot_localization
[0.047s] -- The C compiler identification is GNU 11.4.0
[0.089s] -- The CXX compiler identification is GNU 11.4.0
[0.094s] -- Detecting C compiler ABI info
[0.132s] -- Detecting C compiler ABI info - done
[0.136s] -- Check for working C compiler: /usr/bin/cc - skipped
[0.137s] -- Detecting C compile features
[0.137s] -- Detecting C compile features - done
[0.139s] -- Detecting CXX compiler ABI info
[0.183s] -- Detecting CXX compiler ABI info - done
[0.188s] -- Check for working CXX compiler: /usr/bin/c++ - skipped
[0.188s] -- Detecting CXX compile features
[0.188s] -- Detecting CXX compile features - done
[0.190s] -- Found ament_cmake: 1.3.10 (/opt/ros/humble/share/ament_cmake/cmake)
[0.279s] -- Found Python3: /usr/bin/python3 (found version "3.10.12") found components: Interpreter 
[0.320s] -- Override CMake install command with custom implementation using symlinks instead of copying resources
[0.333s] -- Found rclpy: 3.3.14 (/opt/ros/humble/share/rclpy/cmake)
[0.334s] -- Found nav_msgs: 4.2.4 (/opt/ros/humble/share/nav_msgs/cmake)
[0.353s] -- Found rosidl_generator_c: 3.1.5 (/opt/ros/humble/share/rosidl_generator_c/cmake)
[0.356s] -- Found rosidl_adapter: 3.1.5 (/opt/ros/humble/share/rosidl_adapter/cmake)
[0.360s] -- Found rosidl_generator_cpp: 3.1.5 (/opt/ros/humble/share/rosidl_generator_cpp/cmake)
[0.367s] -- Using all available rosidl_typesupport_c: rosidl_typesupport_fastrtps_c;rosidl_typesupport_introspection_c
[0.376s] -- Using all available rosidl_typesupport_cpp: rosidl_typesupport_fastrtps_cpp;rosidl_typesupport_introspection_cpp
[0.409s] -- Found sensor_msgs: 4.2.4 (/opt/ros/humble/share/sensor_msgs/cmake)
[0.473s] -- Found ament_lint_auto: 0.12.11 (/opt/ros/humble/share/ament_lint_auto/cmake)
[0.522s] -- Added test 'flake8' to check Python code syntax and style conventions
[0.522s] -- Added test 'lint_cmake' to check CMake code style
[0.522s] -- Added test 'pep257' to check Python code against some of the docstring style conventions in PEP 257
[0.523s] -- Added test 'xmllint' to check XML markup files
[0.524s] -- Configuring done
[0.528s] -- Generating done
[0.530s] -- Build files have been written to: /home/majd/Desktop/ros2_ws/build/my_robot_localization
[0.533s] Invoked command in '/home/majd/Desktop/ros2_ws/build/my_robot_localization' returned '0': CMAKE_PREFIX_PATH=/opt/ros/humble /usr/bin/cmake /home/majd/Desktop/ros2_ws/src/my_robot_localization -DAMENT_CMAKE_SYMLINK_INSTALL=1 -DCMAKE_INSTALL_PREFIX=/home/majd/Desktop/ros2_ws/install/my_robot_localization
[0.535s] Invoking command in '/home/majd/Desktop/ros2_ws/build/my_robot_localization': CMAKE_PREFIX_PATH=/opt/ros/humble /usr/bin/cmake --build /home/majd/Desktop/ros2_ws/build/my_robot_localization -- -j16 -l16
[0.564s] Built target ament_cmake_python_symlink_my_robot_localization
[0.712s] running egg_info
[0.712s] creating my_robot_localization.egg-info
[0.712s] writing my_robot_localization.egg-info/PKG-INFO
[0.712s] writing dependency_links to my_robot_localization.egg-info/dependency_links.txt
[0.712s] writing top-level names to my_robot_localization.egg-info/top_level.txt
[0.712s] writing manifest file 'my_robot_localization.egg-info/SOURCES.txt'
[0.714s] reading manifest file 'my_robot_localization.egg-info/SOURCES.txt'
[0.714s] writing manifest file 'my_robot_localization.egg-info/SOURCES.txt'
[0.741s] Built target ament_cmake_python_build_my_robot_localization_egg
[0.751s] Invoked command in '/home/majd/Desktop/ros2_ws/build/my_robot_localization' returned '0': CMAKE_PREFIX_PATH=/opt/ros/humble /usr/bin/cmake --build /home/majd/Desktop/ros2_ws/build/my_robot_localization -- -j16 -l16
[0.796s] Invoking command in '/home/majd/Desktop/ros2_ws/build/my_robot_localization': CMAKE_PREFIX_PATH=/opt/ros/humble /usr/bin/cmake --install /home/majd/Desktop/ros2_ws/build/my_robot_localization
[0.803s] -- Install configuration: ""
[0.803s] -- Execute custom install script
[0.803s] -- Symlinking: /home/majd/Desktop/ros2_ws/install/my_robot_localization/share/my_robot_localization/environment/pythonpath.sh
[0.817s] -- Symlinking: /home/majd/Desktop/ros2_ws/install/my_robot_localization/share/my_robot_localization/environment/pythonpath.dsv
[0.826s] -- Symlinking: /home/majd/Desktop/ros2_ws/install/my_robot_localization/local/lib/python3.10/dist-packages/my_robot_localization-0.0.0-py3.10.egg-info/PKG-INFO
[0.837s] -- Symlinking: /home/majd/Desktop/ros2_ws/install/my_robot_localization/local/lib/python3.10/dist-packages/my_robot_localization-0.0.0-py3.10.egg-info/SOURCES.txt
[0.846s] -- Symlinking: /home/majd/Desktop/ros2_ws/install/my_robot_localization/local/lib/python3.10/dist-packages/my_robot_localization-0.0.0-py3.10.egg-info/dependency_links.txt
[0.853s] -- Symlinking: /home/majd/Desktop/ros2_ws/install/my_robot_localization/local/lib/python3.10/dist-packages/my_robot_localization-0.0.0-py3.10.egg-info/top_level.txt
[0.859s] -- Symlinking: /home/majd/Desktop/ros2_ws/install/my_robot_localization/local/lib/python3.10/dist-packages/my_robot_localization/__init__.py
[0.868s] -- Symlinking: /home/majd/Desktop/ros2_ws/install/my_robot_localization/local/lib/python3.10/dist-packages/my_robot_localization/imu_republisher.py
[0.876s] -- Symlinking: /home/majd/Desktop/ros2_ws/install/my_robot_localization/local/lib/python3.10/dist-packages/my_robot_localization/kalman_filter.py
[0.887s] -- Symlinking: /home/majd/Desktop/ros2_ws/install/my_robot_localization/lib/my_robot_localization/kalman_filter.py
[0.896s] -- Symlinking: /home/majd/Desktop/ros2_ws/install/my_robot_localization/lib/my_robot_localization/imu_republisher.py
[0.898s] -- Symlinking: /home/majd/Desktop/ros2_ws/install/my_robot_localization/share/my_robot_localization/launch/local_localization.launch.py
[0.905s] -- Symlinking: /home/majd/Desktop/ros2_ws/install/my_robot_localization/share/my_robot_localization/config/ekf.yaml
[0.914s] -- Symlinking: /home/majd/Desktop/ros2_ws/install/my_robot_localization/share/ament_index/resource_index/package_run_dependencies/my_robot_localization
[0.920s] -- Symlinking: /home/majd/Desktop/ros2_ws/install/my_robot_localization/share/ament_index/resource_index/parent_prefix_path/my_robot_localization
[0.928s] -- Symlinking: /home/majd/Desktop/ros2_ws/install/my_robot_localization/share/my_robot_localization/environment/ament_prefix_path.sh
[0.936s] -- Symlinking: /home/majd/Desktop/ros2_ws/install/my_robot_localization/share/my_robot_localization/environment/ament_prefix_path.dsv
[0.944s] -- Symlinking: /home/majd/Desktop/ros2_ws/install/my_robot_localization/share/my_robot_localization/environment/path.sh
[0.955s] -- Symlinking: /home/majd/Desktop/ros2_ws/install/my_robot_localization/share/my_robot_localization/environment/path.dsv
[0.964s] -- Symlinking: /home/majd/Desktop/ros2_ws/install/my_robot_localization/share/my_robot_localization/local_setup.bash
[0.984s] -- Symlinking: /home/majd/Desktop/ros2_ws/install/my_robot_localization/share/my_robot_localization/local_setup.sh
[0.995s] -- Symlinking: /home/majd/Desktop/ros2_ws/install/my_robot_localization/share/my_robot_localization/local_setup.zsh
[1.005s] -- Symlinking: /home/majd/Desktop/ros2_ws/install/my_robot_localization/share/my_robot_localization/local_setup.dsv
[1.011s] -- Symlinking: /home/majd/Desktop/ros2_ws/install/my_robot_localization/share/my_robot_localization/package.dsv
[1.025s] -- Symlinking: /home/majd/Desktop/ros2_ws/install/my_robot_localization/share/ament_index/resource_index/packages/my_robot_localization
[1.037s] -- Symlinking: /home/majd/Desktop/ros2_ws/install/my_robot_localization/share/my_robot_localization/cmake/my_robot_localizationConfig.cmake
[1.052s] -- Symlinking: /home/majd/Desktop/ros2_ws/install/my_robot_localization/share/my_robot_localization/cmake/my_robot_localizationConfig-version.cmake
[1.067s] -- Symlinking: /home/majd/Desktop/ros2_ws/install/my_robot_localization/share/my_robot_localization/package.xml
[1.133s] Listing '/home/majd/Desktop/ros2_ws/install/my_robot_localization/local/lib/python3.10/dist-packages/my_robot_localization'...
[1.133s] Compiling '/home/majd/Desktop/ros2_ws/install/my_robot_localization/local/lib/python3.10/dist-packages/my_robot_localization/__init__.py'...
[1.133s] Compiling '/home/majd/Desktop/ros2_ws/install/my_robot_localization/local/lib/python3.10/dist-packages/my_robot_localization/imu_republisher.py'...
[1.133s] Compiling '/home/majd/Desktop/ros2_ws/install/my_robot_localization/local/lib/python3.10/dist-packages/my_robot_localization/kalman_filter.py'...
[1.145s] Invoked command in '/home/majd/Desktop/ros2_ws/build/my_robot_localization' returned '0': CMAKE_PREFIX_PATH=/opt/ros/humble /usr/bin/cmake --install /home/majd/Desktop/ros2_ws/build/my_robot_localization
