[0.010s] Invoking command in '/home/majd/Desktop/ros2_ws/build/my_robot_localization': CMAKE_PREFIX_PATH=${CMAKE_PREFIX_PATH}:/opt/ros/humble /usr/bin/cmake /home/majd/Desktop/ros2_ws/src/my_robot_localization -DCMAKE_INSTALL_PREFIX=/home/majd/Desktop/ros2_ws/install/my_robot_localization
[0.023s] -- Found ament_cmake: 1.3.9 (/opt/ros/humble/share/ament_cmake/cmake)
[0.101s] -- Override CMake install command with custom implementation using symlinks instead of copying resources
[0.115s] -- Found rclpy: 3.3.13 (/opt/ros/humble/share/rclpy/cmake)
[0.115s] -- Found nav_msgs: 4.2.4 (/opt/ros/humble/share/nav_msgs/cmake)
[0.137s] -- Found rosidl_generator_c: 3.1.5 (/opt/ros/humble/share/rosidl_generator_c/cmake)
[0.139s] -- Found rosidl_adapter: 3.1.5 (/opt/ros/humble/share/rosidl_adapter/cmake)
[0.144s] -- Found rosidl_generator_cpp: 3.1.5 (/opt/ros/humble/share/rosidl_generator_cpp/cmake)
[0.154s] -- Using all available rosidl_typesupport_c: rosidl_typesupport_fastrtps_c;rosidl_typesupport_introspection_c
[0.166s] -- Using all available rosidl_typesupport_cpp: rosidl_typesupport_fastrtps_cpp;rosidl_typesupport_introspection_cpp
[0.311s] -- Found sensor_msgs: 4.2.4 (/opt/ros/humble/share/sensor_msgs/cmake)
[0.412s] -- Found ament_lint_auto: 0.12.11 (/opt/ros/humble/share/ament_lint_auto/cmake)
[0.452s] -- Added test 'flake8' to check Python code syntax and style conventions
[0.453s] -- Added test 'lint_cmake' to check CMake code style
[0.453s] -- Added test 'pep257' to check Python code against some of the docstring style conventions in PEP 257
[0.453s] -- Added test 'xmllint' to check XML markup files
[0.454s] -- Configuring done
[0.457s] -- Generating done
[0.458s] -- Build files have been written to: /home/majd/Desktop/ros2_ws/build/my_robot_localization
[0.463s] Invoked command in '/home/majd/Desktop/ros2_ws/build/my_robot_localization' returned '0': CMAKE_PREFIX_PATH=${CMAKE_PREFIX_PATH}:/opt/ros/humble /usr/bin/cmake /home/majd/Desktop/ros2_ws/src/my_robot_localization -DCMAKE_INSTALL_PREFIX=/home/majd/Desktop/ros2_ws/install/my_robot_localization
[0.464s] Invoking command in '/home/majd/Desktop/ros2_ws/build/my_robot_localization': CMAKE_PREFIX_PATH=${CMAKE_PREFIX_PATH}:/opt/ros/humble /usr/bin/cmake --build /home/majd/Desktop/ros2_ws/build/my_robot_localization -- -j16 -l16
[0.492s] Built target ament_cmake_python_symlink_my_robot_localization
[0.636s] running egg_info
[0.637s] writing my_robot_localization.egg-info/PKG-INFO
[0.637s] writing dependency_links to my_robot_localization.egg-info/dependency_links.txt
[0.637s] writing top-level names to my_robot_localization.egg-info/top_level.txt
[0.638s] reading manifest file 'my_robot_localization.egg-info/SOURCES.txt'
[0.639s] writing manifest file 'my_robot_localization.egg-info/SOURCES.txt'
[0.655s] Built target ament_cmake_python_build_my_robot_localization_egg
[0.663s] Invoked command in '/home/majd/Desktop/ros2_ws/build/my_robot_localization' returned '0': CMAKE_PREFIX_PATH=${CMAKE_PREFIX_PATH}:/opt/ros/humble /usr/bin/cmake --build /home/majd/Desktop/ros2_ws/build/my_robot_localization -- -j16 -l16
[0.675s] Invoking command in '/home/majd/Desktop/ros2_ws/build/my_robot_localization': CMAKE_PREFIX_PATH=${CMAKE_PREFIX_PATH}:/opt/ros/humble /usr/bin/cmake --install /home/majd/Desktop/ros2_ws/build/my_robot_localization
[0.678s] -- Install configuration: ""
[0.679s] -- Execute custom install script
[0.679s] -- Up-to-date symlink: /home/majd/Desktop/ros2_ws/install/my_robot_localization/share/my_robot_localization/environment/pythonpath.sh
[0.679s] -- Up-to-date symlink: /home/majd/Desktop/ros2_ws/install/my_robot_localization/share/my_robot_localization/environment/pythonpath.dsv
[0.679s] -- Up-to-date symlink: /home/majd/Desktop/ros2_ws/install/my_robot_localization/local/lib/python3.10/dist-packages/my_robot_localization-0.0.0-py3.10.egg-info/PKG-INFO
[0.679s] -- Up-to-date symlink: /home/majd/Desktop/ros2_ws/install/my_robot_localization/local/lib/python3.10/dist-packages/my_robot_localization-0.0.0-py3.10.egg-info/SOURCES.txt
[0.679s] -- Up-to-date symlink: /home/majd/Desktop/ros2_ws/install/my_robot_localization/local/lib/python3.10/dist-packages/my_robot_localization-0.0.0-py3.10.egg-info/dependency_links.txt
[0.679s] -- Up-to-date symlink: /home/majd/Desktop/ros2_ws/install/my_robot_localization/local/lib/python3.10/dist-packages/my_robot_localization-0.0.0-py3.10.egg-info/top_level.txt
[0.679s] -- Up-to-date symlink: /home/majd/Desktop/ros2_ws/install/my_robot_localization/local/lib/python3.10/dist-packages/my_robot_localization/__init__.py
[0.679s] -- Up-to-date symlink: /home/majd/Desktop/ros2_ws/install/my_robot_localization/local/lib/python3.10/dist-packages/my_robot_localization/imu_republisher.py
[0.680s] -- Up-to-date symlink: /home/majd/Desktop/ros2_ws/install/my_robot_localization/local/lib/python3.10/dist-packages/my_robot_localization/kalman_filter.py
[0.680s] -- Up-to-date symlink: /home/majd/Desktop/ros2_ws/install/my_robot_localization/lib/my_robot_localization/kalman_filter.py
[0.680s] -- Up-to-date symlink: /home/majd/Desktop/ros2_ws/install/my_robot_localization/lib/my_robot_localization/imu_republisher.py
[0.680s] -- Up-to-date symlink: /home/majd/Desktop/ros2_ws/install/my_robot_localization/share/my_robot_localization/launch/local_localization.launch.py
[0.680s] -- Up-to-date symlink: /home/majd/Desktop/ros2_ws/install/my_robot_localization/share/my_robot_localization/config/ekf.yaml
[0.680s] -- Up-to-date symlink: /home/majd/Desktop/ros2_ws/install/my_robot_localization/share/ament_index/resource_index/package_run_dependencies/my_robot_localization
[0.680s] -- Up-to-date symlink: /home/majd/Desktop/ros2_ws/install/my_robot_localization/share/ament_index/resource_index/parent_prefix_path/my_robot_localization
[0.680s] -- Up-to-date symlink: /home/majd/Desktop/ros2_ws/install/my_robot_localization/share/my_robot_localization/environment/ament_prefix_path.sh
[0.680s] -- Up-to-date symlink: /home/majd/Desktop/ros2_ws/install/my_robot_localization/share/my_robot_localization/environment/ament_prefix_path.dsv
[0.680s] -- Up-to-date symlink: /home/majd/Desktop/ros2_ws/install/my_robot_localization/share/my_robot_localization/environment/path.sh
[0.680s] -- Up-to-date symlink: /home/majd/Desktop/ros2_ws/install/my_robot_localization/share/my_robot_localization/environment/path.dsv
[0.681s] -- Up-to-date symlink: /home/majd/Desktop/ros2_ws/install/my_robot_localization/share/my_robot_localization/local_setup.bash
[0.681s] -- Up-to-date symlink: /home/majd/Desktop/ros2_ws/install/my_robot_localization/share/my_robot_localization/local_setup.sh
[0.681s] -- Up-to-date symlink: /home/majd/Desktop/ros2_ws/install/my_robot_localization/share/my_robot_localization/local_setup.zsh
[0.681s] -- Up-to-date symlink: /home/majd/Desktop/ros2_ws/install/my_robot_localization/share/my_robot_localization/local_setup.dsv
[0.681s] -- Symlinking: /home/majd/Desktop/ros2_ws/install/my_robot_localization/share/my_robot_localization/package.dsv
[0.686s] -- Up-to-date symlink: /home/majd/Desktop/ros2_ws/install/my_robot_localization/share/ament_index/resource_index/packages/my_robot_localization
[0.686s] -- Up-to-date symlink: /home/majd/Desktop/ros2_ws/install/my_robot_localization/share/my_robot_localization/cmake/my_robot_localizationConfig.cmake
[0.686s] -- Up-to-date symlink: /home/majd/Desktop/ros2_ws/install/my_robot_localization/share/my_robot_localization/cmake/my_robot_localizationConfig-version.cmake
[0.686s] -- Up-to-date symlink: /home/majd/Desktop/ros2_ws/install/my_robot_localization/share/my_robot_localization/package.xml
[0.706s] Listing '/home/majd/Desktop/ros2_ws/install/my_robot_localization/local/lib/python3.10/dist-packages/my_robot_localization'...
[0.708s] Invoked command in '/home/majd/Desktop/ros2_ws/build/my_robot_localization' returned '0': CMAKE_PREFIX_PATH=${CMAKE_PREFIX_PATH}:/opt/ros/humble /usr/bin/cmake --install /home/majd/Desktop/ros2_ws/build/my_robot_localization
