[0.009s] Invoking command in '/home/majd/Desktop/ros2_ws/build/my_robot_description': CMAKE_PREFIX_PATH=/opt/ros/humble /usr/bin/cmake /home/majd/Desktop/ros2_ws/src/my_robot_description -DAMENT_CMAKE_SYMLINK_INSTALL=1 -DCMAKE_INSTALL_PREFIX=/home/majd/Desktop/ros2_ws/install/my_robot_description
[0.049s] -- The C compiler identification is GNU 11.4.0
[0.091s] -- The CXX compiler identification is GNU 11.4.0
[0.096s] -- Detecting C compiler ABI info
[0.134s] -- Detecting C compiler ABI info - done
[0.138s] -- Check for working C compiler: /usr/bin/cc - skipped
[0.138s] -- Detecting C compile features
[0.139s] -- Detecting C compile features - done
[0.141s] -- Detecting CXX compiler ABI info
[0.185s] -- Detecting CXX compiler ABI info - done
[0.190s] -- Check for working CXX compiler: /usr/bin/c++ - skipped
[0.190s] -- Detecting CXX compile features
[0.190s] -- Detecting CXX compile features - done
[0.191s] -- Found ament_cmake: 1.3.10 (/opt/ros/humble/share/ament_cmake/cmake)
[0.281s] -- Found Python3: /usr/bin/python3 (found version "3.10.12") found components: Interpreter 
[0.321s] -- Override CMake install command with custom implementation using symlinks instead of copying resources
[0.379s] -- Configuring done
[0.381s] -- Generating done
[0.381s] -- Build files have been written to: /home/majd/Desktop/ros2_ws/build/my_robot_description
[0.384s] Invoked command in '/home/majd/Desktop/ros2_ws/build/my_robot_description' returned '0': CMAKE_PREFIX_PATH=/opt/ros/humble /usr/bin/cmake /home/majd/Desktop/ros2_ws/src/my_robot_description -DAMENT_CMAKE_SYMLINK_INSTALL=1 -DCMAKE_INSTALL_PREFIX=/home/majd/Desktop/ros2_ws/install/my_robot_description
[0.385s] Invoking command in '/home/majd/Desktop/ros2_ws/build/my_robot_description': CMAKE_PREFIX_PATH=/opt/ros/humble /usr/bin/cmake --build /home/majd/Desktop/ros2_ws/build/my_robot_description -- -j16 -l16
[0.406s] Invoked command in '/home/majd/Desktop/ros2_ws/build/my_robot_description' returned '0': CMAKE_PREFIX_PATH=/opt/ros/humble /usr/bin/cmake --build /home/majd/Desktop/ros2_ws/build/my_robot_description -- -j16 -l16
[0.424s] Invoking command in '/home/majd/Desktop/ros2_ws/build/my_robot_description': CMAKE_PREFIX_PATH=/opt/ros/humble /usr/bin/cmake --install /home/majd/Desktop/ros2_ws/build/my_robot_description
[0.428s] -- Install configuration: ""
[0.428s] -- Execute custom install script
[0.428s] -- Symlinking: /home/majd/Desktop/ros2_ws/install/my_robot_description/share/my_robot_description//urdf/common_properties.xacro
[0.433s] -- Symlinking: /home/majd/Desktop/ros2_ws/install/my_robot_description/share/my_robot_description//urdf/gyroscope.xacro
[0.438s] -- Symlinking: /home/majd/Desktop/ros2_ws/install/my_robot_description/share/my_robot_description//urdf/lidar.xacro
[0.444s] -- Symlinking: /home/majd/Desktop/ros2_ws/install/my_robot_description/share/my_robot_description//urdf/my_robot.urdf.xacro
[0.448s] -- Symlinking: /home/majd/Desktop/ros2_ws/install/my_robot_description/share/my_robot_description//urdf/my_robot_base.xacro
[0.453s] -- Symlinking: /home/majd/Desktop/ros2_ws/install/my_robot_description/share/my_robot_description//urdf/my_robot_base_mesh.xacro
[0.458s] -- Symlinking: /home/majd/Desktop/ros2_ws/install/my_robot_description/share/my_robot_description//urdf/my_robot_gazebo_control.xacro
[0.462s] -- Symlinking: /home/majd/Desktop/ros2_ws/install/my_robot_description/share/my_robot_description//urdf/my_robot_ros2_control.xacro
[0.466s] -- Symlinking: /home/majd/Desktop/ros2_ws/install/my_robot_description/share/my_robot_description//launch/__pycache__/my_robot_description.launch.cpython-310.pyc
[0.471s] -- Symlinking: /home/majd/Desktop/ros2_ws/install/my_robot_description/share/my_robot_description//launch/display.launch.xml
[0.475s] -- Symlinking: /home/majd/Desktop/ros2_ws/install/my_robot_description/share/my_robot_description//launch/my_robot_description.launch.py
[0.480s] -- Symlinking: /home/majd/Desktop/ros2_ws/install/my_robot_description/share/my_robot_description//launch/my_robot_gazebo_launch.xml
[0.485s] -- Symlinking: /home/majd/Desktop/ros2_ws/install/my_robot_description/share/my_robot_description//config/gazebo_params.yaml
[0.489s] -- Symlinking: /home/majd/Desktop/ros2_ws/install/my_robot_description/share/my_robot_description//config/my_controllers.yaml
[0.494s] -- Symlinking: /home/majd/Desktop/ros2_ws/install/my_robot_description/share/my_robot_description//config/my_robot.rviz
[0.499s] -- Symlinking: /home/majd/Desktop/ros2_ws/install/my_robot_description/share/my_robot_description//meshes_description/my_robot.dae
[0.504s] -- Symlinking: /home/majd/Desktop/ros2_ws/install/my_robot_description/share/my_robot_description//meshes_description/my_robot.stl
[0.509s] -- Symlinking: /home/majd/Desktop/ros2_ws/install/my_robot_description/share/ament_index/resource_index/package_run_dependencies/my_robot_description
[0.514s] -- Symlinking: /home/majd/Desktop/ros2_ws/install/my_robot_description/share/ament_index/resource_index/parent_prefix_path/my_robot_description
[0.519s] -- Symlinking: /home/majd/Desktop/ros2_ws/install/my_robot_description/share/my_robot_description/environment/ament_prefix_path.sh
[0.525s] -- Symlinking: /home/majd/Desktop/ros2_ws/install/my_robot_description/share/my_robot_description/environment/ament_prefix_path.dsv
[0.532s] -- Symlinking: /home/majd/Desktop/ros2_ws/install/my_robot_description/share/my_robot_description/environment/path.sh
[0.536s] -- Symlinking: /home/majd/Desktop/ros2_ws/install/my_robot_description/share/my_robot_description/environment/path.dsv
[0.540s] -- Symlinking: /home/majd/Desktop/ros2_ws/install/my_robot_description/share/my_robot_description/local_setup.bash
[0.545s] -- Symlinking: /home/majd/Desktop/ros2_ws/install/my_robot_description/share/my_robot_description/local_setup.sh
[0.550s] -- Symlinking: /home/majd/Desktop/ros2_ws/install/my_robot_description/share/my_robot_description/local_setup.zsh
[0.555s] -- Symlinking: /home/majd/Desktop/ros2_ws/install/my_robot_description/share/my_robot_description/local_setup.dsv
[0.562s] -- Symlinking: /home/majd/Desktop/ros2_ws/install/my_robot_description/share/my_robot_description/package.dsv
[0.567s] -- Symlinking: /home/majd/Desktop/ros2_ws/install/my_robot_description/share/ament_index/resource_index/packages/my_robot_description
[0.572s] -- Symlinking: /home/majd/Desktop/ros2_ws/install/my_robot_description/share/my_robot_description/cmake/my_robot_descriptionConfig.cmake
[0.576s] -- Symlinking: /home/majd/Desktop/ros2_ws/install/my_robot_description/share/my_robot_description/cmake/my_robot_descriptionConfig-version.cmake
[0.581s] -- Symlinking: /home/majd/Desktop/ros2_ws/install/my_robot_description/share/my_robot_description/package.xml
[0.586s] Invoked command in '/home/majd/Desktop/ros2_ws/build/my_robot_description' returned '0': CMAKE_PREFIX_PATH=/opt/ros/humble /usr/bin/cmake --install /home/majd/Desktop/ros2_ws/build/my_robot_description
