-- Install configuration: ""
-- Execute custom install script
-- Up-to-date symlink: /home/majd/Desktop/ros2_ws/install/my_robot_description/share/my_robot_description//urdf/common_properties.xacro
-- Up-to-date symlink: /home/majd/Desktop/ros2_ws/install/my_robot_description/share/my_robot_description//urdf/gyroscope.xacro
-- Up-to-date symlink: /home/majd/Desktop/ros2_ws/install/my_robot_description/share/my_robot_description//urdf/lidar.xacro
-- Up-to-date symlink: /home/majd/Desktop/ros2_ws/install/my_robot_description/share/my_robot_description//urdf/my_robot.urdf.xacro
-- Up-to-date symlink: /home/majd/Desktop/ros2_ws/install/my_robot_description/share/my_robot_description//urdf/my_robot_base.xacro
-- Up-to-date symlink: /home/majd/Desktop/ros2_ws/install/my_robot_description/share/my_robot_description//urdf/my_robot_base_mesh.xacro
-- Up-to-date symlink: /home/majd/Desktop/ros2_ws/install/my_robot_description/share/my_robot_description//urdf/my_robot_gazebo_control.xacro
-- Up-to-date symlink: /home/majd/Desktop/ros2_ws/install/my_robot_description/share/my_robot_description//urdf/my_robot_ros2_control.xacro
-- Symlinking: /home/majd/Desktop/ros2_ws/install/my_robot_description/share/my_robot_description//launch/__pycache__/my_robot_description.launch.cpython-310.pyc
-- Up-to-date symlink: /home/majd/Desktop/ros2_ws/install/my_robot_description/share/my_robot_description//launch/display.launch.xml
-- Up-to-date symlink: /home/majd/Desktop/ros2_ws/install/my_robot_description/share/my_robot_description//launch/my_robot_description.launch.py
-- Up-to-date symlink: /home/majd/Desktop/ros2_ws/install/my_robot_description/share/my_robot_description//launch/my_robot_gazebo_launch.xml
-- Symlinking: /home/majd/Desktop/ros2_ws/install/my_robot_description/share/my_robot_description//config/gazebo_params.yaml
-- Up-to-date symlink: /home/majd/Desktop/ros2_ws/install/my_robot_description/share/my_robot_description//config/my_controllers.yaml
-- Up-to-date symlink: /home/majd/Desktop/ros2_ws/install/my_robot_description/share/my_robot_description//config/my_robot.rviz
-- Up-to-date symlink: /home/majd/Desktop/ros2_ws/install/my_robot_description/share/my_robot_description//meshes_description/my_robot.dae
-- Up-to-date symlink: /home/majd/Desktop/ros2_ws/install/my_robot_description/share/my_robot_description//meshes_description/my_robot.stl
-- Up-to-date symlink: /home/majd/Desktop/ros2_ws/install/my_robot_description/share/ament_index/resource_index/package_run_dependencies/my_robot_description
-- Up-to-date symlink: /home/majd/Desktop/ros2_ws/install/my_robot_description/share/ament_index/resource_index/parent_prefix_path/my_robot_description
-- Up-to-date symlink: /home/majd/Desktop/ros2_ws/install/my_robot_description/share/my_robot_description/environment/ament_prefix_path.sh
-- Up-to-date symlink: /home/majd/Desktop/ros2_ws/install/my_robot_description/share/my_robot_description/environment/ament_prefix_path.dsv
-- Up-to-date symlink: /home/majd/Desktop/ros2_ws/install/my_robot_description/share/my_robot_description/environment/path.sh
-- Up-to-date symlink: /home/majd/Desktop/ros2_ws/install/my_robot_description/share/my_robot_description/environment/path.dsv
-- Up-to-date symlink: /home/majd/Desktop/ros2_ws/install/my_robot_description/share/my_robot_description/local_setup.bash
-- Up-to-date symlink: /home/majd/Desktop/ros2_ws/install/my_robot_description/share/my_robot_description/local_setup.sh
-- Up-to-date symlink: /home/majd/Desktop/ros2_ws/install/my_robot_description/share/my_robot_description/local_setup.zsh
-- Up-to-date symlink: /home/majd/Desktop/ros2_ws/install/my_robot_description/share/my_robot_description/local_setup.dsv
-- Symlinking: /home/majd/Desktop/ros2_ws/install/my_robot_description/share/my_robot_description/package.dsv
-- Up-to-date symlink: /home/majd/Desktop/ros2_ws/install/my_robot_description/share/ament_index/resource_index/packages/my_robot_description
-- Up-to-date symlink: /home/majd/Desktop/ros2_ws/install/my_robot_description/share/my_robot_description/cmake/my_robot_descriptionConfig.cmake
-- Up-to-date symlink: /home/majd/Desktop/ros2_ws/install/my_robot_description/share/my_robot_description/cmake/my_robot_descriptionConfig-version.cmake
-- Up-to-date symlink: /home/majd/Desktop/ros2_ws/install/my_robot_description/share/my_robot_description/package.xml
