[0.013s] Invoking command in '/home/majd/Desktop/ros2_ws/build/micro_ros_msgs': CMAKE_PREFIX_PATH=${CMAKE_PREFIX_PATH}:/opt/ros/humble /usr/bin/cmake /home/majd/Desktop/ros2_ws/src/microros_ws/src/uros/micro_ros_msgs -DUAGENT_BUILD_EXECUTABLE=OFF -DUAGENT_P2P_PROFILE=OFF --no-warn-unused-cli -DCMAKE_INSTALL_PREFIX=/home/majd/Desktop/ros2_ws/install/micro_ros_msgs
[0.017s] Not searching for unused variables given on the command line.
[0.020s] -- Found ament_cmake: 1.3.9 (/opt/ros/humble/share/ament_cmake/cmake)
[0.089s] -- Found rosidl_default_generators: 1.2.0 (/opt/ros/humble/share/rosidl_default_generators/cmake)
[0.090s] -- Using all available rosidl_typesupport_c: rosidl_typesupport_fastrtps_c;rosidl_typesupport_introspection_c
[0.092s] -- Found rosidl_adapter: 3.1.5 (/opt/ros/humble/share/rosidl_adapter/cmake)
[0.109s] -- Using all available rosidl_typesupport_cpp: rosidl_typesupport_fastrtps_cpp;rosidl_typesupport_introspection_cpp
[0.124s] -- Found ament_lint_auto: 0.12.11 (/opt/ros/humble/share/ament_lint_auto/cmake)
[0.267s] -- Found ament_cmake_ros: 0.10.0 (/opt/ros/humble/share/ament_cmake_ros/cmake)
[0.369s] -- Using all available rosidl_typesupport_c: rosidl_typesupport_fastrtps_c;rosidl_typesupport_introspection_c
[0.506s] -- Using all available rosidl_typesupport_cpp: rosidl_typesupport_fastrtps_cpp;rosidl_typesupport_introspection_cpp
[0.519s] -- Found python_cmake_module: 0.10.0 (/opt/ros/humble/share/python_cmake_module/cmake)
[0.532s] -- Using PYTHON_EXECUTABLE: /usr/bin/python3
[0.532s] -- Using PYTHON_INCLUDE_DIRS: /usr/include/python3.10
[0.532s] -- Using PYTHON_LIBRARIES: /usr/lib/x86_64-linux-gnu/libpython3.10.so
[0.539s] -- Added test 'copyright' to check source files copyright and LICENSE
[0.542s] -- Added test 'lint_cmake' to check CMake code style
[0.544s] -- Added test 'xmllint' to check XML markup files
[0.546s] -- Configuring done
[0.562s] -- Generating done
[0.564s] -- Build files have been written to: /home/majd/Desktop/ros2_ws/build/micro_ros_msgs
[0.567s] Invoked command in '/home/majd/Desktop/ros2_ws/build/micro_ros_msgs' returned '0': CMAKE_PREFIX_PATH=${CMAKE_PREFIX_PATH}:/opt/ros/humble /usr/bin/cmake /home/majd/Desktop/ros2_ws/src/microros_ws/src/uros/micro_ros_msgs -DUAGENT_BUILD_EXECUTABLE=OFF -DUAGENT_P2P_PROFILE=OFF --no-warn-unused-cli -DCMAKE_INSTALL_PREFIX=/home/majd/Desktop/ros2_ws/install/micro_ros_msgs
[0.568s] Invoking command in '/home/majd/Desktop/ros2_ws/build/micro_ros_msgs': CMAKE_PREFIX_PATH=${CMAKE_PREFIX_PATH}:/opt/ros/humble /usr/bin/cmake --build /home/majd/Desktop/ros2_ws/build/micro_ros_msgs -- -j16 -l16
[0.590s] [35m[1mConsolidate compiler generated dependencies of target micro_ros_msgs__rosidl_generator_c[0m
[0.595s] [  2%] Built target micro_ros_msgs__cpp
[0.597s] [ 12%] Built target micro_ros_msgs__rosidl_generator_c
[0.601s] [35m[1mConsolidate compiler generated dependencies of target micro_ros_msgs__rosidl_typesupport_cpp[0m
[0.601s] [35m[1mConsolidate compiler generated dependencies of target micro_ros_msgs__rosidl_typesupport_fastrtps_cpp[0m
[0.602s] [ 12%] Built target ament_cmake_python_copy_micro_ros_msgs
[0.602s] [35m[1mConsolidate compiler generated dependencies of target micro_ros_msgs__rosidl_typesupport_introspection_cpp[0m
[0.604s] [35m[1mConsolidate compiler generated dependencies of target micro_ros_msgs__rosidl_typesupport_c[0m
[0.605s] [35m[1mConsolidate compiler generated dependencies of target micro_ros_msgs__rosidl_typesupport_introspection_c[0m
[0.605s] [35m[1mConsolidate compiler generated dependencies of target micro_ros_msgs__rosidl_typesupport_fastrtps_c[0m
[0.613s] [ 29%] Built target micro_ros_msgs__rosidl_typesupport_introspection_c
[0.613s] [ 34%] Built target micro_ros_msgs__rosidl_typesupport_fastrtps_cpp
[0.613s] [ 46%] Built target micro_ros_msgs__rosidl_typesupport_c
[0.614s] [ 55%] Built target micro_ros_msgs__rosidl_typesupport_cpp
[0.616s] [ 65%] Built target micro_ros_msgs__rosidl_typesupport_fastrtps_c
[0.616s] [ 76%] Built target micro_ros_msgs__rosidl_typesupport_introspection_cpp
[0.627s] [ 76%] Built target micro_ros_msgs
[0.639s] [ 78%] Built target micro_ros_msgs__py
[0.644s] [35m[1mConsolidate compiler generated dependencies of target micro_ros_msgs__rosidl_generator_py[0m
[0.654s] [ 87%] Built target micro_ros_msgs__rosidl_generator_py
[0.659s] [35m[1mConsolidate compiler generated dependencies of target micro_ros_msgs__rosidl_typesupport_fastrtps_c__pyext[0m
[0.660s] [35m[1mConsolidate compiler generated dependencies of target micro_ros_msgs__rosidl_typesupport_c__pyext[0m
[0.660s] [35m[1mConsolidate compiler generated dependencies of target micro_ros_msgs__rosidl_typesupport_introspection_c__pyext[0m
[0.669s] [ 95%] Built target micro_ros_msgs__rosidl_typesupport_fastrtps_c__pyext
[0.669s] [ 95%] Built target micro_ros_msgs__rosidl_typesupport_introspection_c__pyext
[0.670s] [100%] Built target micro_ros_msgs__rosidl_typesupport_c__pyext
[0.755s] running egg_info
[0.756s] writing micro_ros_msgs.egg-info/PKG-INFO
[0.756s] writing dependency_links to micro_ros_msgs.egg-info/dependency_links.txt
[0.756s] writing top-level names to micro_ros_msgs.egg-info/top_level.txt
[0.757s] reading manifest file 'micro_ros_msgs.egg-info/SOURCES.txt'
[0.758s] writing manifest file 'micro_ros_msgs.egg-info/SOURCES.txt'
[0.773s] [100%] Built target ament_cmake_python_build_micro_ros_msgs_egg
[0.779s] Invoked command in '/home/majd/Desktop/ros2_ws/build/micro_ros_msgs' returned '0': CMAKE_PREFIX_PATH=${CMAKE_PREFIX_PATH}:/opt/ros/humble /usr/bin/cmake --build /home/majd/Desktop/ros2_ws/build/micro_ros_msgs -- -j16 -l16
[0.846s] Invoking command in '/home/majd/Desktop/ros2_ws/build/micro_ros_msgs': CMAKE_PREFIX_PATH=${CMAKE_PREFIX_PATH}:/opt/ros/humble /usr/bin/cmake --install /home/majd/Desktop/ros2_ws/build/micro_ros_msgs
[0.851s] -- Install configuration: ""
[0.851s] -- Up-to-date: /home/majd/Desktop/ros2_ws/install/micro_ros_msgs/share/ament_index/resource_index/rosidl_interfaces/micro_ros_msgs
[0.851s] -- Up-to-date: /home/majd/Desktop/ros2_ws/install/micro_ros_msgs/include/micro_ros_msgs/micro_ros_msgs
[0.851s] -- Up-to-date: /home/majd/Desktop/ros2_ws/install/micro_ros_msgs/include/micro_ros_msgs/micro_ros_msgs/msg
[0.851s] -- Up-to-date: /home/majd/Desktop/ros2_ws/install/micro_ros_msgs/include/micro_ros_msgs/micro_ros_msgs/msg/rosidl_generator_c__visibility_control.h
[0.851s] -- Up-to-date: /home/majd/Desktop/ros2_ws/install/micro_ros_msgs/include/micro_ros_msgs/micro_ros_msgs/msg/entity.h
[0.851s] -- Up-to-date: /home/majd/Desktop/ros2_ws/install/micro_ros_msgs/include/micro_ros_msgs/micro_ros_msgs/msg/node.h
[0.851s] -- Up-to-date: /home/majd/Desktop/ros2_ws/install/micro_ros_msgs/include/micro_ros_msgs/micro_ros_msgs/msg/detail
[0.851s] -- Up-to-date: /home/majd/Desktop/ros2_ws/install/micro_ros_msgs/include/micro_ros_msgs/micro_ros_msgs/msg/detail/entity__type_support.h
[0.852s] -- Up-to-date: /home/majd/Desktop/ros2_ws/install/micro_ros_msgs/include/micro_ros_msgs/micro_ros_msgs/msg/detail/graph__struct.h
[0.852s] -- Up-to-date: /home/majd/Desktop/ros2_ws/install/micro_ros_msgs/include/micro_ros_msgs/micro_ros_msgs/msg/detail/graph__type_support.h
[0.852s] -- Up-to-date: /home/majd/Desktop/ros2_ws/install/micro_ros_msgs/include/micro_ros_msgs/micro_ros_msgs/msg/detail/entity__functions.h
[0.852s] -- Up-to-date: /home/majd/Desktop/ros2_ws/install/micro_ros_msgs/include/micro_ros_msgs/micro_ros_msgs/msg/detail/entity__functions.c
[0.852s] -- Up-to-date: /home/majd/Desktop/ros2_ws/install/micro_ros_msgs/include/micro_ros_msgs/micro_ros_msgs/msg/detail/node__struct.h
[0.852s] -- Up-to-date: /home/majd/Desktop/ros2_ws/install/micro_ros_msgs/include/micro_ros_msgs/micro_ros_msgs/msg/detail/graph__functions.h
[0.852s] -- Up-to-date: /home/majd/Desktop/ros2_ws/install/micro_ros_msgs/include/micro_ros_msgs/micro_ros_msgs/msg/detail/node__functions.h
[0.852s] -- Up-to-date: /home/majd/Desktop/ros2_ws/install/micro_ros_msgs/include/micro_ros_msgs/micro_ros_msgs/msg/detail/node__functions.c
[0.852s] -- Up-to-date: /home/majd/Desktop/ros2_ws/install/micro_ros_msgs/include/micro_ros_msgs/micro_ros_msgs/msg/detail/entity__struct.h
[0.852s] -- Up-to-date: /home/majd/Desktop/ros2_ws/install/micro_ros_msgs/include/micro_ros_msgs/micro_ros_msgs/msg/detail/graph__functions.c
[0.852s] -- Up-to-date: /home/majd/Desktop/ros2_ws/install/micro_ros_msgs/include/micro_ros_msgs/micro_ros_msgs/msg/detail/node__type_support.h
[0.853s] -- Up-to-date: /home/majd/Desktop/ros2_ws/install/micro_ros_msgs/include/micro_ros_msgs/micro_ros_msgs/msg/graph.h
[0.853s] -- Up-to-date: /home/majd/Desktop/ros2_ws/install/micro_ros_msgs/share/micro_ros_msgs/environment/library_path.sh
[0.853s] -- Installing: /home/majd/Desktop/ros2_ws/install/micro_ros_msgs/share/micro_ros_msgs/environment/library_path.dsv
[0.853s] -- Up-to-date: /home/majd/Desktop/ros2_ws/install/micro_ros_msgs/lib/libmicro_ros_msgs__rosidl_generator_c.so
[0.853s] -- Up-to-date: /home/majd/Desktop/ros2_ws/install/micro_ros_msgs/include/micro_ros_msgs/micro_ros_msgs
[0.853s] -- Up-to-date: /home/majd/Desktop/ros2_ws/install/micro_ros_msgs/include/micro_ros_msgs/micro_ros_msgs/msg
[0.853s] -- Up-to-date: /home/majd/Desktop/ros2_ws/install/micro_ros_msgs/include/micro_ros_msgs/micro_ros_msgs/msg/rosidl_typesupport_fastrtps_c__visibility_control.h
[0.853s] -- Up-to-date: /home/majd/Desktop/ros2_ws/install/micro_ros_msgs/include/micro_ros_msgs/micro_ros_msgs/msg/detail
[0.853s] -- Up-to-date: /home/majd/Desktop/ros2_ws/install/micro_ros_msgs/include/micro_ros_msgs/micro_ros_msgs/msg/detail/graph__rosidl_typesupport_fastrtps_c.h
[0.853s] -- Up-to-date: /home/majd/Desktop/ros2_ws/install/micro_ros_msgs/include/micro_ros_msgs/micro_ros_msgs/msg/detail/node__rosidl_typesupport_fastrtps_c.h
[0.853s] -- Up-to-date: /home/majd/Desktop/ros2_ws/install/micro_ros_msgs/include/micro_ros_msgs/micro_ros_msgs/msg/detail/entity__rosidl_typesupport_fastrtps_c.h
[0.854s] -- Up-to-date: /home/majd/Desktop/ros2_ws/install/micro_ros_msgs/lib/libmicro_ros_msgs__rosidl_typesupport_fastrtps_c.so
[0.854s] -- Up-to-date: /home/majd/Desktop/ros2_ws/install/micro_ros_msgs/include/micro_ros_msgs/micro_ros_msgs
[0.854s] -- Up-to-date: /home/majd/Desktop/ros2_ws/install/micro_ros_msgs/include/micro_ros_msgs/micro_ros_msgs/msg
[0.854s] -- Up-to-date: /home/majd/Desktop/ros2_ws/install/micro_ros_msgs/include/micro_ros_msgs/micro_ros_msgs/msg/rosidl_typesupport_introspection_c__visibility_control.h
[0.854s] -- Up-to-date: /home/majd/Desktop/ros2_ws/install/micro_ros_msgs/include/micro_ros_msgs/micro_ros_msgs/msg/detail
[0.854s] -- Up-to-date: /home/majd/Desktop/ros2_ws/install/micro_ros_msgs/include/micro_ros_msgs/micro_ros_msgs/msg/detail/graph__rosidl_typesupport_introspection_c.h
[0.854s] -- Up-to-date: /home/majd/Desktop/ros2_ws/install/micro_ros_msgs/include/micro_ros_msgs/micro_ros_msgs/msg/detail/graph__type_support.c
[0.854s] -- Up-to-date: /home/majd/Desktop/ros2_ws/install/micro_ros_msgs/include/micro_ros_msgs/micro_ros_msgs/msg/detail/entity__type_support.c
[0.854s] -- Up-to-date: /home/majd/Desktop/ros2_ws/install/micro_ros_msgs/include/micro_ros_msgs/micro_ros_msgs/msg/detail/node__rosidl_typesupport_introspection_c.h
[0.854s] -- Up-to-date: /home/majd/Desktop/ros2_ws/install/micro_ros_msgs/include/micro_ros_msgs/micro_ros_msgs/msg/detail/entity__rosidl_typesupport_introspection_c.h
[0.854s] -- Up-to-date: /home/majd/Desktop/ros2_ws/install/micro_ros_msgs/include/micro_ros_msgs/micro_ros_msgs/msg/detail/node__type_support.c
[0.854s] -- Up-to-date: /home/majd/Desktop/ros2_ws/install/micro_ros_msgs/lib/libmicro_ros_msgs__rosidl_typesupport_introspection_c.so
[0.854s] -- Up-to-date: /home/majd/Desktop/ros2_ws/install/micro_ros_msgs/lib/libmicro_ros_msgs__rosidl_typesupport_c.so
[0.854s] -- Up-to-date: /home/majd/Desktop/ros2_ws/install/micro_ros_msgs/include/micro_ros_msgs/micro_ros_msgs
[0.854s] -- Up-to-date: /home/majd/Desktop/ros2_ws/install/micro_ros_msgs/include/micro_ros_msgs/micro_ros_msgs/msg
[0.854s] -- Up-to-date: /home/majd/Desktop/ros2_ws/install/micro_ros_msgs/include/micro_ros_msgs/micro_ros_msgs/msg/node.hpp
[0.855s] -- Up-to-date: /home/majd/Desktop/ros2_ws/install/micro_ros_msgs/include/micro_ros_msgs/micro_ros_msgs/msg/graph.hpp
[0.855s] -- Up-to-date: /home/majd/Desktop/ros2_ws/install/micro_ros_msgs/include/micro_ros_msgs/micro_ros_msgs/msg/entity.hpp
[0.855s] -- Up-to-date: /home/majd/Desktop/ros2_ws/install/micro_ros_msgs/include/micro_ros_msgs/micro_ros_msgs/msg/detail
[0.855s] -- Up-to-date: /home/majd/Desktop/ros2_ws/install/micro_ros_msgs/include/micro_ros_msgs/micro_ros_msgs/msg/detail/graph__builder.hpp
[0.855s] -- Up-to-date: /home/majd/Desktop/ros2_ws/install/micro_ros_msgs/include/micro_ros_msgs/micro_ros_msgs/msg/detail/graph__struct.hpp
[0.855s] -- Up-to-date: /home/majd/Desktop/ros2_ws/install/micro_ros_msgs/include/micro_ros_msgs/micro_ros_msgs/msg/detail/graph__traits.hpp
[0.855s] -- Up-to-date: /home/majd/Desktop/ros2_ws/install/micro_ros_msgs/include/micro_ros_msgs/micro_ros_msgs/msg/detail/entity__traits.hpp
[0.855s] -- Up-to-date: /home/majd/Desktop/ros2_ws/install/micro_ros_msgs/include/micro_ros_msgs/micro_ros_msgs/msg/detail/node__builder.hpp
[0.855s] -- Up-to-date: /home/majd/Desktop/ros2_ws/install/micro_ros_msgs/include/micro_ros_msgs/micro_ros_msgs/msg/detail/node__struct.hpp
[0.855s] -- Up-to-date: /home/majd/Desktop/ros2_ws/install/micro_ros_msgs/include/micro_ros_msgs/micro_ros_msgs/msg/detail/entity__builder.hpp
[0.855s] -- Up-to-date: /home/majd/Desktop/ros2_ws/install/micro_ros_msgs/include/micro_ros_msgs/micro_ros_msgs/msg/detail/node__traits.hpp
[0.855s] -- Up-to-date: /home/majd/Desktop/ros2_ws/install/micro_ros_msgs/include/micro_ros_msgs/micro_ros_msgs/msg/detail/entity__struct.hpp
[0.855s] -- Up-to-date: /home/majd/Desktop/ros2_ws/install/micro_ros_msgs/include/micro_ros_msgs/micro_ros_msgs
[0.855s] -- Up-to-date: /home/majd/Desktop/ros2_ws/install/micro_ros_msgs/include/micro_ros_msgs/micro_ros_msgs/msg
[0.855s] -- Up-to-date: /home/majd/Desktop/ros2_ws/install/micro_ros_msgs/include/micro_ros_msgs/micro_ros_msgs/msg/rosidl_typesupport_fastrtps_cpp__visibility_control.h
[0.856s] -- Up-to-date: /home/majd/Desktop/ros2_ws/install/micro_ros_msgs/include/micro_ros_msgs/micro_ros_msgs/msg/detail
[0.856s] -- Up-to-date: /home/majd/Desktop/ros2_ws/install/micro_ros_msgs/include/micro_ros_msgs/micro_ros_msgs/msg/detail/entity__rosidl_typesupport_fastrtps_cpp.hpp
[0.856s] -- Up-to-date: /home/majd/Desktop/ros2_ws/install/micro_ros_msgs/include/micro_ros_msgs/micro_ros_msgs/msg/detail/node__rosidl_typesupport_fastrtps_cpp.hpp
[0.856s] -- Up-to-date: /home/majd/Desktop/ros2_ws/install/micro_ros_msgs/include/micro_ros_msgs/micro_ros_msgs/msg/detail/dds_fastrtps
[0.856s] -- Up-to-date: /home/majd/Desktop/ros2_ws/install/micro_ros_msgs/include/micro_ros_msgs/micro_ros_msgs/msg/detail/graph__rosidl_typesupport_fastrtps_cpp.hpp
[0.856s] -- Up-to-date: /home/majd/Desktop/ros2_ws/install/micro_ros_msgs/lib/libmicro_ros_msgs__rosidl_typesupport_fastrtps_cpp.so
[0.856s] -- Up-to-date: /home/majd/Desktop/ros2_ws/install/micro_ros_msgs/include/micro_ros_msgs/micro_ros_msgs
[0.856s] -- Up-to-date: /home/majd/Desktop/ros2_ws/install/micro_ros_msgs/include/micro_ros_msgs/micro_ros_msgs/msg
[0.856s] -- Up-to-date: /home/majd/Desktop/ros2_ws/install/micro_ros_msgs/include/micro_ros_msgs/micro_ros_msgs/msg/detail
[0.856s] -- Up-to-date: /home/majd/Desktop/ros2_ws/install/micro_ros_msgs/include/micro_ros_msgs/micro_ros_msgs/msg/detail/node__type_support.cpp
[0.856s] -- Up-to-date: /home/majd/Desktop/ros2_ws/install/micro_ros_msgs/include/micro_ros_msgs/micro_ros_msgs/msg/detail/entity__type_support.cpp
[0.856s] -- Up-to-date: /home/majd/Desktop/ros2_ws/install/micro_ros_msgs/include/micro_ros_msgs/micro_ros_msgs/msg/detail/graph__rosidl_typesupport_introspection_cpp.hpp
[0.856s] -- Up-to-date: /home/majd/Desktop/ros2_ws/install/micro_ros_msgs/include/micro_ros_msgs/micro_ros_msgs/msg/detail/entity__rosidl_typesupport_introspection_cpp.hpp
[0.856s] -- Up-to-date: /home/majd/Desktop/ros2_ws/install/micro_ros_msgs/include/micro_ros_msgs/micro_ros_msgs/msg/detail/node__rosidl_typesupport_introspection_cpp.hpp
[0.856s] -- Up-to-date: /home/majd/Desktop/ros2_ws/install/micro_ros_msgs/include/micro_ros_msgs/micro_ros_msgs/msg/detail/graph__type_support.cpp
[0.857s] -- Up-to-date: /home/majd/Desktop/ros2_ws/install/micro_ros_msgs/lib/libmicro_ros_msgs__rosidl_typesupport_introspection_cpp.so
[0.857s] -- Up-to-date: /home/majd/Desktop/ros2_ws/install/micro_ros_msgs/lib/libmicro_ros_msgs__rosidl_typesupport_cpp.so
[0.857s] -- Up-to-date: /home/majd/Desktop/ros2_ws/install/micro_ros_msgs/share/micro_ros_msgs/environment/pythonpath.sh
[0.857s] -- Installing: /home/majd/Desktop/ros2_ws/install/micro_ros_msgs/share/micro_ros_msgs/environment/pythonpath.dsv
[0.857s] -- Up-to-date: /home/majd/Desktop/ros2_ws/install/micro_ros_msgs/local/lib/python3.10/dist-packages/micro_ros_msgs-3.0.1-py3.10.egg-info
[0.857s] -- Installing: /home/majd/Desktop/ros2_ws/install/micro_ros_msgs/local/lib/python3.10/dist-packages/micro_ros_msgs-3.0.1-py3.10.egg-info/SOURCES.txt
[0.857s] -- Installing: /home/majd/Desktop/ros2_ws/install/micro_ros_msgs/local/lib/python3.10/dist-packages/micro_ros_msgs-3.0.1-py3.10.egg-info/PKG-INFO
[0.857s] -- Installing: /home/majd/Desktop/ros2_ws/install/micro_ros_msgs/local/lib/python3.10/dist-packages/micro_ros_msgs-3.0.1-py3.10.egg-info/dependency_links.txt
[0.857s] -- Installing: /home/majd/Desktop/ros2_ws/install/micro_ros_msgs/local/lib/python3.10/dist-packages/micro_ros_msgs-3.0.1-py3.10.egg-info/top_level.txt
[0.857s] -- Up-to-date: /home/majd/Desktop/ros2_ws/install/micro_ros_msgs/local/lib/python3.10/dist-packages/micro_ros_msgs
[0.857s] -- Up-to-date: /home/majd/Desktop/ros2_ws/install/micro_ros_msgs/local/lib/python3.10/dist-packages/micro_ros_msgs/libmicro_ros_msgs__rosidl_generator_py.so
[0.857s] -- Up-to-date: /home/majd/Desktop/ros2_ws/install/micro_ros_msgs/local/lib/python3.10/dist-packages/micro_ros_msgs/_micro_ros_msgs_s.ep.rosidl_typesupport_fastrtps_c.c
[0.857s] -- Up-to-date: /home/majd/Desktop/ros2_ws/install/micro_ros_msgs/local/lib/python3.10/dist-packages/micro_ros_msgs/micro_ros_msgs_s__rosidl_typesupport_fastrtps_c.cpython-310-x86_64-linux-gnu.so
[0.858s] -- Up-to-date: /home/majd/Desktop/ros2_ws/install/micro_ros_msgs/local/lib/python3.10/dist-packages/micro_ros_msgs/_micro_ros_msgs_s.ep.rosidl_typesupport_c.c
[0.858s] -- Up-to-date: /home/majd/Desktop/ros2_ws/install/micro_ros_msgs/local/lib/python3.10/dist-packages/micro_ros_msgs/micro_ros_msgs_s__rosidl_typesupport_introspection_c.cpython-310-x86_64-linux-gnu.so
[0.858s] -- Installing: /home/majd/Desktop/ros2_ws/install/micro_ros_msgs/local/lib/python3.10/dist-packages/micro_ros_msgs/__init__.py
[0.858s] -- Up-to-date: /home/majd/Desktop/ros2_ws/install/micro_ros_msgs/local/lib/python3.10/dist-packages/micro_ros_msgs/micro_ros_msgs_s__rosidl_typesupport_c.cpython-310-x86_64-linux-gnu.so
[0.858s] -- Up-to-date: /home/majd/Desktop/ros2_ws/install/micro_ros_msgs/local/lib/python3.10/dist-packages/micro_ros_msgs/msg
[0.858s] -- Up-to-date: /home/majd/Desktop/ros2_ws/install/micro_ros_msgs/local/lib/python3.10/dist-packages/micro_ros_msgs/msg/_entity_s.c
[0.858s] -- Up-to-date: /home/majd/Desktop/ros2_ws/install/micro_ros_msgs/local/lib/python3.10/dist-packages/micro_ros_msgs/msg/_graph.py
[0.858s] -- Up-to-date: /home/majd/Desktop/ros2_ws/install/micro_ros_msgs/local/lib/python3.10/dist-packages/micro_ros_msgs/msg/_graph_s.c
[0.858s] -- Up-to-date: /home/majd/Desktop/ros2_ws/install/micro_ros_msgs/local/lib/python3.10/dist-packages/micro_ros_msgs/msg/_node_s.c
[0.858s] -- Up-to-date: /home/majd/Desktop/ros2_ws/install/micro_ros_msgs/local/lib/python3.10/dist-packages/micro_ros_msgs/msg/__init__.py
[0.858s] -- Up-to-date: /home/majd/Desktop/ros2_ws/install/micro_ros_msgs/local/lib/python3.10/dist-packages/micro_ros_msgs/msg/_node.py
[0.858s] -- Up-to-date: /home/majd/Desktop/ros2_ws/install/micro_ros_msgs/local/lib/python3.10/dist-packages/micro_ros_msgs/msg/_entity.py
[0.858s] -- Up-to-date: /home/majd/Desktop/ros2_ws/install/micro_ros_msgs/local/lib/python3.10/dist-packages/micro_ros_msgs/_micro_ros_msgs_s.ep.rosidl_typesupport_introspection_c.c
[0.873s] Listing '/home/majd/Desktop/ros2_ws/install/micro_ros_msgs/local/lib/python3.10/dist-packages/micro_ros_msgs'...
[0.873s] Compiling '/home/majd/Desktop/ros2_ws/install/micro_ros_msgs/local/lib/python3.10/dist-packages/micro_ros_msgs/__init__.py'...
[0.873s] Listing '/home/majd/Desktop/ros2_ws/install/micro_ros_msgs/local/lib/python3.10/dist-packages/micro_ros_msgs/msg'...
[0.876s] -- Up-to-date: /home/majd/Desktop/ros2_ws/install/micro_ros_msgs/local/lib/python3.10/dist-packages/micro_ros_msgs/micro_ros_msgs_s__rosidl_typesupport_fastrtps_c.cpython-310-x86_64-linux-gnu.so
[0.876s] -- Up-to-date: /home/majd/Desktop/ros2_ws/install/micro_ros_msgs/local/lib/python3.10/dist-packages/micro_ros_msgs/micro_ros_msgs_s__rosidl_typesupport_introspection_c.cpython-310-x86_64-linux-gnu.so
[0.876s] -- Up-to-date: /home/majd/Desktop/ros2_ws/install/micro_ros_msgs/local/lib/python3.10/dist-packages/micro_ros_msgs/micro_ros_msgs_s__rosidl_typesupport_c.cpython-310-x86_64-linux-gnu.so
[0.876s] -- Up-to-date: /home/majd/Desktop/ros2_ws/install/micro_ros_msgs/lib/libmicro_ros_msgs__rosidl_generator_py.so
[0.877s] -- Up-to-date: /home/majd/Desktop/ros2_ws/install/micro_ros_msgs/share/micro_ros_msgs/msg/Graph.idl
[0.877s] -- Up-to-date: /home/majd/Desktop/ros2_ws/install/micro_ros_msgs/share/micro_ros_msgs/msg/Node.idl
[0.877s] -- Up-to-date: /home/majd/Desktop/ros2_ws/install/micro_ros_msgs/share/micro_ros_msgs/msg/Entity.idl
[0.877s] -- Up-to-date: /home/majd/Desktop/ros2_ws/install/micro_ros_msgs/share/micro_ros_msgs/msg/Graph.msg
[0.877s] -- Up-to-date: /home/majd/Desktop/ros2_ws/install/micro_ros_msgs/share/micro_ros_msgs/msg/Node.msg
[0.877s] -- Up-to-date: /home/majd/Desktop/ros2_ws/install/micro_ros_msgs/share/micro_ros_msgs/msg/Entity.msg
[0.877s] -- Up-to-date: /home/majd/Desktop/ros2_ws/install/micro_ros_msgs/share/ament_index/resource_index/package_run_dependencies/micro_ros_msgs
[0.877s] -- Installing: /home/majd/Desktop/ros2_ws/install/micro_ros_msgs/share/ament_index/resource_index/parent_prefix_path/micro_ros_msgs
[0.877s] -- Up-to-date: /home/majd/Desktop/ros2_ws/install/micro_ros_msgs/share/micro_ros_msgs/environment/ament_prefix_path.sh
[0.877s] -- Installing: /home/majd/Desktop/ros2_ws/install/micro_ros_msgs/share/micro_ros_msgs/environment/ament_prefix_path.dsv
[0.877s] -- Up-to-date: /home/majd/Desktop/ros2_ws/install/micro_ros_msgs/share/micro_ros_msgs/environment/path.sh
[0.877s] -- Installing: /home/majd/Desktop/ros2_ws/install/micro_ros_msgs/share/micro_ros_msgs/environment/path.dsv
[0.878s] -- Up-to-date: /home/majd/Desktop/ros2_ws/install/micro_ros_msgs/share/micro_ros_msgs/local_setup.bash
[0.878s] -- Up-to-date: /home/majd/Desktop/ros2_ws/install/micro_ros_msgs/share/micro_ros_msgs/local_setup.sh
[0.878s] -- Up-to-date: /home/majd/Desktop/ros2_ws/install/micro_ros_msgs/share/micro_ros_msgs/local_setup.zsh
[0.878s] -- Installing: /home/majd/Desktop/ros2_ws/install/micro_ros_msgs/share/micro_ros_msgs/local_setup.dsv
[0.878s] -- Installing: /home/majd/Desktop/ros2_ws/install/micro_ros_msgs/share/micro_ros_msgs/package.dsv
[0.878s] -- Up-to-date: /home/majd/Desktop/ros2_ws/install/micro_ros_msgs/share/ament_index/resource_index/packages/micro_ros_msgs
[0.878s] -- Up-to-date: /home/majd/Desktop/ros2_ws/install/micro_ros_msgs/share/micro_ros_msgs/cmake/export_micro_ros_msgs__rosidl_generator_cExport.cmake
[0.878s] -- Up-to-date: /home/majd/Desktop/ros2_ws/install/micro_ros_msgs/share/micro_ros_msgs/cmake/export_micro_ros_msgs__rosidl_generator_cExport-noconfig.cmake
[0.878s] -- Up-to-date: /home/majd/Desktop/ros2_ws/install/micro_ros_msgs/share/micro_ros_msgs/cmake/export_micro_ros_msgs__rosidl_typesupport_fastrtps_cExport.cmake
[0.878s] -- Up-to-date: /home/majd/Desktop/ros2_ws/install/micro_ros_msgs/share/micro_ros_msgs/cmake/export_micro_ros_msgs__rosidl_typesupport_fastrtps_cExport-noconfig.cmake
[0.878s] -- Up-to-date: /home/majd/Desktop/ros2_ws/install/micro_ros_msgs/share/micro_ros_msgs/cmake/micro_ros_msgs__rosidl_typesupport_introspection_cExport.cmake
[0.878s] -- Up-to-date: /home/majd/Desktop/ros2_ws/install/micro_ros_msgs/share/micro_ros_msgs/cmake/micro_ros_msgs__rosidl_typesupport_introspection_cExport-noconfig.cmake
[0.879s] -- Up-to-date: /home/majd/Desktop/ros2_ws/install/micro_ros_msgs/share/micro_ros_msgs/cmake/micro_ros_msgs__rosidl_typesupport_cExport.cmake
[0.879s] -- Up-to-date: /home/majd/Desktop/ros2_ws/install/micro_ros_msgs/share/micro_ros_msgs/cmake/micro_ros_msgs__rosidl_typesupport_cExport-noconfig.cmake
[0.879s] -- Up-to-date: /home/majd/Desktop/ros2_ws/install/micro_ros_msgs/share/micro_ros_msgs/cmake/export_micro_ros_msgs__rosidl_generator_cppExport.cmake
[0.879s] -- Up-to-date: /home/majd/Desktop/ros2_ws/install/micro_ros_msgs/share/micro_ros_msgs/cmake/export_micro_ros_msgs__rosidl_typesupport_fastrtps_cppExport.cmake
[0.879s] -- Up-to-date: /home/majd/Desktop/ros2_ws/install/micro_ros_msgs/share/micro_ros_msgs/cmake/export_micro_ros_msgs__rosidl_typesupport_fastrtps_cppExport-noconfig.cmake
[0.879s] -- Up-to-date: /home/majd/Desktop/ros2_ws/install/micro_ros_msgs/share/micro_ros_msgs/cmake/micro_ros_msgs__rosidl_typesupport_introspection_cppExport.cmake
[0.879s] -- Up-to-date: /home/majd/Desktop/ros2_ws/install/micro_ros_msgs/share/micro_ros_msgs/cmake/micro_ros_msgs__rosidl_typesupport_introspection_cppExport-noconfig.cmake
[0.879s] -- Up-to-date: /home/majd/Desktop/ros2_ws/install/micro_ros_msgs/share/micro_ros_msgs/cmake/micro_ros_msgs__rosidl_typesupport_cppExport.cmake
[0.879s] -- Up-to-date: /home/majd/Desktop/ros2_ws/install/micro_ros_msgs/share/micro_ros_msgs/cmake/micro_ros_msgs__rosidl_typesupport_cppExport-noconfig.cmake
[0.879s] -- Up-to-date: /home/majd/Desktop/ros2_ws/install/micro_ros_msgs/share/micro_ros_msgs/cmake/export_micro_ros_msgs__rosidl_generator_pyExport.cmake
[0.879s] -- Up-to-date: /home/majd/Desktop/ros2_ws/install/micro_ros_msgs/share/micro_ros_msgs/cmake/export_micro_ros_msgs__rosidl_generator_pyExport-noconfig.cmake
[0.879s] -- Up-to-date: /home/majd/Desktop/ros2_ws/install/micro_ros_msgs/share/micro_ros_msgs/cmake/rosidl_cmake-extras.cmake
[0.880s] -- Up-to-date: /home/majd/Desktop/ros2_ws/install/micro_ros_msgs/share/micro_ros_msgs/cmake/ament_cmake_export_include_directories-extras.cmake
[0.880s] -- Up-to-date: /home/majd/Desktop/ros2_ws/install/micro_ros_msgs/share/micro_ros_msgs/cmake/ament_cmake_export_libraries-extras.cmake
[0.880s] -- Up-to-date: /home/majd/Desktop/ros2_ws/install/micro_ros_msgs/share/micro_ros_msgs/cmake/ament_cmake_export_targets-extras.cmake
[0.880s] -- Up-to-date: /home/majd/Desktop/ros2_ws/install/micro_ros_msgs/share/micro_ros_msgs/cmake/rosidl_cmake_export_typesupport_targets-extras.cmake
[0.880s] -- Up-to-date: /home/majd/Desktop/ros2_ws/install/micro_ros_msgs/share/micro_ros_msgs/cmake/ament_cmake_export_dependencies-extras.cmake
[0.881s] -- Up-to-date: /home/majd/Desktop/ros2_ws/install/micro_ros_msgs/share/micro_ros_msgs/cmake/rosidl_cmake_export_typesupport_libraries-extras.cmake
[0.881s] -- Up-to-date: /home/majd/Desktop/ros2_ws/install/micro_ros_msgs/share/micro_ros_msgs/cmake/micro_ros_msgsConfig.cmake
[0.881s] -- Up-to-date: /home/majd/Desktop/ros2_ws/install/micro_ros_msgs/share/micro_ros_msgs/cmake/micro_ros_msgsConfig-version.cmake
[0.881s] -- Up-to-date: /home/majd/Desktop/ros2_ws/install/micro_ros_msgs/share/micro_ros_msgs/package.xml
[0.881s] Invoked command in '/home/majd/Desktop/ros2_ws/build/micro_ros_msgs' returned '0': CMAKE_PREFIX_PATH=${CMAKE_PREFIX_PATH}:/opt/ros/humble /usr/bin/cmake --install /home/majd/Desktop/ros2_ws/build/micro_ros_msgs
