[0.059s] DEBUG:colcon:Command line arguments: ['/usr/bin/colcon', 'build', '--packages-up-to', 'micro_ros_agent', '--cmake-args', '-DUAGENT_BUILD_EXECUTABLE=OFF', '-DUAGENT_P2P_PROFILE=OFF', '--no-warn-unused-cli']
[0.059s] DEBUG:colcon:Parsed command line arguments: Namespace(log_base=None, log_level=None, verb_name='build', build_base='build', install_base='install', merge_install=False, symlink_install=False, test_result_base=None, continue_on_error=False, executor='parallel', parallel_workers=16, event_handlers=None, ignore_user_meta=False, metas=['./colcon.meta'], base_paths=['.'], packages_ignore=None, packages_ignore_regex=None, paths=None, packages_up_to=['micro_ros_agent'], packages_up_to_regex=None, packages_above=None, packages_above_and_dependencies=None, packages_above_depth=None, packages_select_by_dep=None, packages_skip_by_dep=None, packages_skip_up_to=None, packages_select_build_failed=False, packages_skip_build_finished=False, packages_select_test_failures=False, packages_skip_test_passed=False, packages_select=None, packages_skip=None, packages_select_regex=None, packages_skip_regex=None, packages_start=None, packages_end=None, allow_overriding=[], cmake_args=['-DUAGENT_BUILD_EXECUTABLE=OFF', '-DUAGENT_P2P_PROFILE=OFF', '--no-warn-unused-cli'], cmake_target=None, cmake_target_skip_unavailable=False, cmake_clean_cache=False, cmake_clean_first=False, cmake_force_configure=False, ament_cmake_args=None, catkin_cmake_args=None, catkin_skip_building_tests=False, mixin_files=None, mixin=None, verb_parser=<colcon_mixin.mixin.mixin_argument.MixinArgumentDecorator object at 0x73340f03a5f0>, verb_extension=<colcon_core.verb.build.BuildVerb object at 0x73340f03a140>, main=<bound method BuildVerb.main of <colcon_core.verb.build.BuildVerb object at 0x73340f03a140>>, mixin_verb=('build',))
[0.151s] Level 1:colcon.colcon_core.package_discovery:discover_packages(colcon_meta) check parameters
[0.151s] Level 1:colcon.colcon_core.package_discovery:discover_packages(recursive) check parameters
[0.151s] Level 1:colcon.colcon_core.package_discovery:discover_packages(ignore) check parameters
[0.151s] Level 1:colcon.colcon_core.package_discovery:discover_packages(path) check parameters
[0.151s] Level 1:colcon.colcon_core.package_discovery:discover_packages(colcon_meta) discover
[0.151s] Level 1:colcon.colcon_core.package_discovery:discover_packages(recursive) discover
[0.151s] INFO:colcon.colcon_core.package_discovery:Crawling recursively for packages in '/home/majd/Desktop/microros_ws'
[0.151s] Level 1:colcon.colcon_core.package_identification:_identify(.) by extensions ['ignore', 'ignore_ament_install']
[0.151s] Level 1:colcon.colcon_core.package_identification:_identify(.) by extension 'ignore'
[0.151s] Level 1:colcon.colcon_core.package_identification:_identify(.) by extension 'ignore_ament_install'
[0.151s] Level 1:colcon.colcon_core.package_identification:_identify(.) by extensions ['colcon_pkg']
[0.151s] Level 1:colcon.colcon_core.package_identification:_identify(.) by extension 'colcon_pkg'
[0.151s] Level 1:colcon.colcon_core.package_identification:_identify(.) by extensions ['colcon_meta']
[0.151s] Level 1:colcon.colcon_core.package_identification:_identify(.) by extension 'colcon_meta'
[0.151s] Level 1:colcon.colcon_core.package_identification:_identify(.) by extensions ['ros']
[0.151s] Level 1:colcon.colcon_core.package_identification:_identify(.) by extension 'ros'
[0.157s] Level 1:colcon.colcon_core.package_identification:_identify(.) by extensions ['cmake', 'python']
[0.157s] Level 1:colcon.colcon_core.package_identification:_identify(.) by extension 'cmake'
[0.157s] Level 1:colcon.colcon_core.package_identification:_identify(.) by extension 'python'
[0.157s] Level 1:colcon.colcon_core.package_identification:_identify(.) by extensions ['python_setup_py']
[0.158s] Level 1:colcon.colcon_core.package_identification:_identify(.) by extension 'python_setup_py'
[0.158s] Level 1:colcon.colcon_core.package_identification:_identify(build) by extensions ['ignore', 'ignore_ament_install']
[0.158s] Level 1:colcon.colcon_core.package_identification:_identify(build) by extension 'ignore'
[0.158s] Level 1:colcon.colcon_core.package_identification:_identify(build) ignored
[0.158s] Level 1:colcon.colcon_core.package_identification:_identify(install) by extensions ['ignore', 'ignore_ament_install']
[0.158s] Level 1:colcon.colcon_core.package_identification:_identify(install) by extension 'ignore'
[0.158s] Level 1:colcon.colcon_core.package_identification:_identify(install) ignored
[0.158s] Level 1:colcon.colcon_core.package_identification:_identify(log) by extensions ['ignore', 'ignore_ament_install']
[0.158s] Level 1:colcon.colcon_core.package_identification:_identify(log) by extension 'ignore'
[0.158s] Level 1:colcon.colcon_core.package_identification:_identify(log) ignored
[0.158s] Level 1:colcon.colcon_core.package_identification:_identify(src) by extensions ['ignore', 'ignore_ament_install']
[0.158s] Level 1:colcon.colcon_core.package_identification:_identify(src) by extension 'ignore'
[0.158s] Level 1:colcon.colcon_core.package_identification:_identify(src) by extension 'ignore_ament_install'
[0.158s] Level 1:colcon.colcon_core.package_identification:_identify(src) by extensions ['colcon_pkg']
[0.158s] Level 1:colcon.colcon_core.package_identification:_identify(src) by extension 'colcon_pkg'
[0.158s] Level 1:colcon.colcon_core.package_identification:_identify(src) by extensions ['colcon_meta']
[0.158s] Level 1:colcon.colcon_core.package_identification:_identify(src) by extension 'colcon_meta'
[0.158s] Level 1:colcon.colcon_core.package_identification:_identify(src) by extensions ['ros']
[0.158s] Level 1:colcon.colcon_core.package_identification:_identify(src) by extension 'ros'
[0.158s] Level 1:colcon.colcon_core.package_identification:_identify(src) by extensions ['cmake', 'python']
[0.158s] Level 1:colcon.colcon_core.package_identification:_identify(src) by extension 'cmake'
[0.158s] Level 1:colcon.colcon_core.package_identification:_identify(src) by extension 'python'
[0.158s] Level 1:colcon.colcon_core.package_identification:_identify(src) by extensions ['python_setup_py']
[0.158s] Level 1:colcon.colcon_core.package_identification:_identify(src) by extension 'python_setup_py'
[0.158s] Level 1:colcon.colcon_core.package_identification:_identify(src/micro_ros_setup) by extensions ['ignore', 'ignore_ament_install']
[0.158s] Level 1:colcon.colcon_core.package_identification:_identify(src/micro_ros_setup) by extension 'ignore'
[0.158s] Level 1:colcon.colcon_core.package_identification:_identify(src/micro_ros_setup) by extension 'ignore_ament_install'
[0.158s] Level 1:colcon.colcon_core.package_identification:_identify(src/micro_ros_setup) by extensions ['colcon_pkg']
[0.158s] Level 1:colcon.colcon_core.package_identification:_identify(src/micro_ros_setup) by extension 'colcon_pkg'
[0.159s] Level 1:colcon.colcon_core.package_identification:_identify(src/micro_ros_setup) by extensions ['colcon_meta']
[0.159s] Level 1:colcon.colcon_core.package_identification:_identify(src/micro_ros_setup) by extension 'colcon_meta'
[0.159s] Level 1:colcon.colcon_core.package_identification:_identify(src/micro_ros_setup) by extensions ['ros']
[0.159s] Level 1:colcon.colcon_core.package_identification:_identify(src/micro_ros_setup) by extension 'ros'
[0.160s] DEBUG:colcon.colcon_core.package_identification:Package 'src/micro_ros_setup' with type 'ros.ament_cmake' and name 'micro_ros_setup'
[0.160s] Level 1:colcon.colcon_core.package_identification:_identify(src/uros) by extensions ['ignore', 'ignore_ament_install']
[0.160s] Level 1:colcon.colcon_core.package_identification:_identify(src/uros) by extension 'ignore'
[0.160s] Level 1:colcon.colcon_core.package_identification:_identify(src/uros) by extension 'ignore_ament_install'
[0.160s] Level 1:colcon.colcon_core.package_identification:_identify(src/uros) by extensions ['colcon_pkg']
[0.160s] Level 1:colcon.colcon_core.package_identification:_identify(src/uros) by extension 'colcon_pkg'
[0.160s] Level 1:colcon.colcon_core.package_identification:_identify(src/uros) by extensions ['colcon_meta']
[0.160s] Level 1:colcon.colcon_core.package_identification:_identify(src/uros) by extension 'colcon_meta'
[0.160s] Level 1:colcon.colcon_core.package_identification:_identify(src/uros) by extensions ['ros']
[0.160s] Level 1:colcon.colcon_core.package_identification:_identify(src/uros) by extension 'ros'
[0.160s] Level 1:colcon.colcon_core.package_identification:_identify(src/uros) by extensions ['cmake', 'python']
[0.160s] Level 1:colcon.colcon_core.package_identification:_identify(src/uros) by extension 'cmake'
[0.160s] Level 1:colcon.colcon_core.package_identification:_identify(src/uros) by extension 'python'
[0.160s] Level 1:colcon.colcon_core.package_identification:_identify(src/uros) by extensions ['python_setup_py']
[0.160s] Level 1:colcon.colcon_core.package_identification:_identify(src/uros) by extension 'python_setup_py'
[0.160s] Level 1:colcon.colcon_core.package_identification:_identify(src/uros/micro-ROS-Agent) by extensions ['ignore', 'ignore_ament_install']
[0.161s] Level 1:colcon.colcon_core.package_identification:_identify(src/uros/micro-ROS-Agent) by extension 'ignore'
[0.161s] Level 1:colcon.colcon_core.package_identification:_identify(src/uros/micro-ROS-Agent) by extension 'ignore_ament_install'
[0.161s] Level 1:colcon.colcon_core.package_identification:_identify(src/uros/micro-ROS-Agent) by extensions ['colcon_pkg']
[0.161s] Level 1:colcon.colcon_core.package_identification:_identify(src/uros/micro-ROS-Agent) by extension 'colcon_pkg'
[0.161s] Level 1:colcon.colcon_core.package_identification:_identify(src/uros/micro-ROS-Agent) by extensions ['colcon_meta']
[0.161s] Level 1:colcon.colcon_core.package_identification:_identify(src/uros/micro-ROS-Agent) by extension 'colcon_meta'
[0.161s] Level 1:colcon.colcon_core.package_identification:_identify(src/uros/micro-ROS-Agent) by extensions ['ros']
[0.161s] Level 1:colcon.colcon_core.package_identification:_identify(src/uros/micro-ROS-Agent) by extension 'ros'
[0.161s] Level 1:colcon.colcon_core.package_identification:_identify(src/uros/micro-ROS-Agent) by extensions ['cmake', 'python']
[0.161s] Level 1:colcon.colcon_core.package_identification:_identify(src/uros/micro-ROS-Agent) by extension 'cmake'
[0.161s] Level 1:colcon.colcon_core.package_identification:_identify(src/uros/micro-ROS-Agent) by extension 'python'
[0.161s] Level 1:colcon.colcon_core.package_identification:_identify(src/uros/micro-ROS-Agent) by extensions ['python_setup_py']
[0.161s] Level 1:colcon.colcon_core.package_identification:_identify(src/uros/micro-ROS-Agent) by extension 'python_setup_py'
[0.161s] Level 1:colcon.colcon_core.package_identification:_identify(src/uros/micro-ROS-Agent/micro_ros_agent) by extensions ['ignore', 'ignore_ament_install']
[0.161s] Level 1:colcon.colcon_core.package_identification:_identify(src/uros/micro-ROS-Agent/micro_ros_agent) by extension 'ignore'
[0.161s] Level 1:colcon.colcon_core.package_identification:_identify(src/uros/micro-ROS-Agent/micro_ros_agent) by extension 'ignore_ament_install'
[0.161s] Level 1:colcon.colcon_core.package_identification:_identify(src/uros/micro-ROS-Agent/micro_ros_agent) by extensions ['colcon_pkg']
[0.161s] Level 1:colcon.colcon_core.package_identification:_identify(src/uros/micro-ROS-Agent/micro_ros_agent) by extension 'colcon_pkg'
[0.161s] Level 1:colcon.colcon_core.package_identification:_identify(src/uros/micro-ROS-Agent/micro_ros_agent) by extensions ['colcon_meta']
[0.161s] Level 1:colcon.colcon_core.package_identification:_identify(src/uros/micro-ROS-Agent/micro_ros_agent) by extension 'colcon_meta'
[0.161s] Level 1:colcon.colcon_core.package_identification:_identify(src/uros/micro-ROS-Agent/micro_ros_agent) by extensions ['ros']
[0.161s] Level 1:colcon.colcon_core.package_identification:_identify(src/uros/micro-ROS-Agent/micro_ros_agent) by extension 'ros'
[0.162s] DEBUG:colcon.colcon_core.package_identification:Package 'src/uros/micro-ROS-Agent/micro_ros_agent' with type 'ros.ament_cmake' and name 'micro_ros_agent'
[0.162s] Level 1:colcon.colcon_core.package_identification:_identify(src/uros/micro-ROS-Agent/snap) by extensions ['ignore', 'ignore_ament_install']
[0.162s] Level 1:colcon.colcon_core.package_identification:_identify(src/uros/micro-ROS-Agent/snap) by extension 'ignore'
[0.162s] Level 1:colcon.colcon_core.package_identification:_identify(src/uros/micro-ROS-Agent/snap) by extension 'ignore_ament_install'
[0.162s] Level 1:colcon.colcon_core.package_identification:_identify(src/uros/micro-ROS-Agent/snap) by extensions ['colcon_pkg']
[0.162s] Level 1:colcon.colcon_core.package_identification:_identify(src/uros/micro-ROS-Agent/snap) by extension 'colcon_pkg'
[0.162s] Level 1:colcon.colcon_core.package_identification:_identify(src/uros/micro-ROS-Agent/snap) by extensions ['colcon_meta']
[0.162s] Level 1:colcon.colcon_core.package_identification:_identify(src/uros/micro-ROS-Agent/snap) by extension 'colcon_meta'
[0.162s] Level 1:colcon.colcon_core.package_identification:_identify(src/uros/micro-ROS-Agent/snap) by extensions ['ros']
[0.162s] Level 1:colcon.colcon_core.package_identification:_identify(src/uros/micro-ROS-Agent/snap) by extension 'ros'
[0.162s] Level 1:colcon.colcon_core.package_identification:_identify(src/uros/micro-ROS-Agent/snap) by extensions ['cmake', 'python']
[0.162s] Level 1:colcon.colcon_core.package_identification:_identify(src/uros/micro-ROS-Agent/snap) by extension 'cmake'
[0.162s] Level 1:colcon.colcon_core.package_identification:_identify(src/uros/micro-ROS-Agent/snap) by extension 'python'
[0.162s] Level 1:colcon.colcon_core.package_identification:_identify(src/uros/micro-ROS-Agent/snap) by extensions ['python_setup_py']
[0.162s] Level 1:colcon.colcon_core.package_identification:_identify(src/uros/micro-ROS-Agent/snap) by extension 'python_setup_py'
[0.162s] Level 1:colcon.colcon_core.package_identification:_identify(src/uros/micro-ROS-Agent/snap/hooks) by extensions ['ignore', 'ignore_ament_install']
[0.162s] Level 1:colcon.colcon_core.package_identification:_identify(src/uros/micro-ROS-Agent/snap/hooks) by extension 'ignore'
[0.162s] Level 1:colcon.colcon_core.package_identification:_identify(src/uros/micro-ROS-Agent/snap/hooks) by extension 'ignore_ament_install'
[0.162s] Level 1:colcon.colcon_core.package_identification:_identify(src/uros/micro-ROS-Agent/snap/hooks) by extensions ['colcon_pkg']
[0.162s] Level 1:colcon.colcon_core.package_identification:_identify(src/uros/micro-ROS-Agent/snap/hooks) by extension 'colcon_pkg'
[0.162s] Level 1:colcon.colcon_core.package_identification:_identify(src/uros/micro-ROS-Agent/snap/hooks) by extensions ['colcon_meta']
[0.162s] Level 1:colcon.colcon_core.package_identification:_identify(src/uros/micro-ROS-Agent/snap/hooks) by extension 'colcon_meta'
[0.162s] Level 1:colcon.colcon_core.package_identification:_identify(src/uros/micro-ROS-Agent/snap/hooks) by extensions ['ros']
[0.162s] Level 1:colcon.colcon_core.package_identification:_identify(src/uros/micro-ROS-Agent/snap/hooks) by extension 'ros'
[0.162s] Level 1:colcon.colcon_core.package_identification:_identify(src/uros/micro-ROS-Agent/snap/hooks) by extensions ['cmake', 'python']
[0.163s] Level 1:colcon.colcon_core.package_identification:_identify(src/uros/micro-ROS-Agent/snap/hooks) by extension 'cmake'
[0.163s] Level 1:colcon.colcon_core.package_identification:_identify(src/uros/micro-ROS-Agent/snap/hooks) by extension 'python'
[0.163s] Level 1:colcon.colcon_core.package_identification:_identify(src/uros/micro-ROS-Agent/snap/hooks) by extensions ['python_setup_py']
[0.163s] Level 1:colcon.colcon_core.package_identification:_identify(src/uros/micro-ROS-Agent/snap/hooks) by extension 'python_setup_py'
[0.163s] Level 1:colcon.colcon_core.package_identification:_identify(src/uros/micro-ROS-Agent/snap/local) by extensions ['ignore', 'ignore_ament_install']
[0.163s] Level 1:colcon.colcon_core.package_identification:_identify(src/uros/micro-ROS-Agent/snap/local) by extension 'ignore'
[0.163s] Level 1:colcon.colcon_core.package_identification:_identify(src/uros/micro-ROS-Agent/snap/local) by extension 'ignore_ament_install'
[0.163s] Level 1:colcon.colcon_core.package_identification:_identify(src/uros/micro-ROS-Agent/snap/local) by extensions ['colcon_pkg']
[0.163s] Level 1:colcon.colcon_core.package_identification:_identify(src/uros/micro-ROS-Agent/snap/local) by extension 'colcon_pkg'
[0.163s] Level 1:colcon.colcon_core.package_identification:_identify(src/uros/micro-ROS-Agent/snap/local) by extensions ['colcon_meta']
[0.163s] Level 1:colcon.colcon_core.package_identification:_identify(src/uros/micro-ROS-Agent/snap/local) by extension 'colcon_meta'
[0.163s] Level 1:colcon.colcon_core.package_identification:_identify(src/uros/micro-ROS-Agent/snap/local) by extensions ['ros']
[0.163s] Level 1:colcon.colcon_core.package_identification:_identify(src/uros/micro-ROS-Agent/snap/local) by extension 'ros'
[0.163s] Level 1:colcon.colcon_core.package_identification:_identify(src/uros/micro-ROS-Agent/snap/local) by extensions ['cmake', 'python']
[0.163s] Level 1:colcon.colcon_core.package_identification:_identify(src/uros/micro-ROS-Agent/snap/local) by extension 'cmake'
[0.163s] Level 1:colcon.colcon_core.package_identification:_identify(src/uros/micro-ROS-Agent/snap/local) by extension 'python'
[0.163s] Level 1:colcon.colcon_core.package_identification:_identify(src/uros/micro-ROS-Agent/snap/local) by extensions ['python_setup_py']
[0.163s] Level 1:colcon.colcon_core.package_identification:_identify(src/uros/micro-ROS-Agent/snap/local) by extension 'python_setup_py'
[0.163s] Level 1:colcon.colcon_core.package_identification:_identify(src/uros/micro_ros_msgs) by extensions ['ignore', 'ignore_ament_install']
[0.163s] Level 1:colcon.colcon_core.package_identification:_identify(src/uros/micro_ros_msgs) by extension 'ignore'
[0.163s] Level 1:colcon.colcon_core.package_identification:_identify(src/uros/micro_ros_msgs) by extension 'ignore_ament_install'
[0.163s] Level 1:colcon.colcon_core.package_identification:_identify(src/uros/micro_ros_msgs) by extensions ['colcon_pkg']
[0.163s] Level 1:colcon.colcon_core.package_identification:_identify(src/uros/micro_ros_msgs) by extension 'colcon_pkg'
[0.163s] Level 1:colcon.colcon_core.package_identification:_identify(src/uros/micro_ros_msgs) by extensions ['colcon_meta']
[0.163s] Level 1:colcon.colcon_core.package_identification:_identify(src/uros/micro_ros_msgs) by extension 'colcon_meta'
[0.163s] Level 1:colcon.colcon_core.package_identification:_identify(src/uros/micro_ros_msgs) by extensions ['ros']
[0.163s] Level 1:colcon.colcon_core.package_identification:_identify(src/uros/micro_ros_msgs) by extension 'ros'
[0.164s] DEBUG:colcon.colcon_core.package_identification:Package 'src/uros/micro_ros_msgs' with type 'ros.ament_cmake' and name 'micro_ros_msgs'
[0.164s] Level 1:colcon.colcon_core.package_discovery:discover_packages(recursive) using defaults
[0.164s] Level 1:colcon.colcon_core.package_discovery:discover_packages(ignore) discover
[0.164s] Level 1:colcon.colcon_core.package_discovery:discover_packages(ignore) using defaults
[0.164s] Level 1:colcon.colcon_core.package_discovery:discover_packages(path) discover
[0.164s] Level 1:colcon.colcon_core.package_discovery:discover_packages(path) using defaults
[0.174s] INFO:colcon.colcon_core.package_selection:Skipping package 'micro_ros_setup' in 'src/micro_ros_setup'
[0.174s] Level 1:colcon.colcon_core.package_discovery:discover_packages(prefix_path) check parameters
[0.174s] Level 1:colcon.colcon_core.package_discovery:discover_packages(prefix_path) discover
[0.175s] DEBUG:colcon.colcon_installed_package_information.package_discovery:Found 1 installed packages in /home/majd/Desktop/microros_ws/install
[0.176s] DEBUG:colcon.colcon_installed_package_information.package_discovery:Found 278 installed packages in /opt/ros/humble
[0.177s] Level 1:colcon.colcon_core.package_discovery:discover_packages(prefix_path) using defaults
[0.201s] Level 5:colcon.colcon_core.verb:set package 'micro_ros_msgs' build argument 'cmake_args' from command line to '['-DUAGENT_BUILD_EXECUTABLE=OFF', '-DUAGENT_P2P_PROFILE=OFF', '--no-warn-unused-cli']'
[0.201s] Level 5:colcon.colcon_core.verb:set package 'micro_ros_msgs' build argument 'cmake_target' from command line to 'None'
[0.201s] Level 5:colcon.colcon_core.verb:set package 'micro_ros_msgs' build argument 'cmake_target_skip_unavailable' from command line to 'False'
[0.201s] Level 5:colcon.colcon_core.verb:set package 'micro_ros_msgs' build argument 'cmake_clean_cache' from command line to 'False'
[0.201s] Level 5:colcon.colcon_core.verb:set package 'micro_ros_msgs' build argument 'cmake_clean_first' from command line to 'False'
[0.201s] Level 5:colcon.colcon_core.verb:set package 'micro_ros_msgs' build argument 'cmake_force_configure' from command line to 'False'
[0.201s] Level 5:colcon.colcon_core.verb:set package 'micro_ros_msgs' build argument 'ament_cmake_args' from command line to 'None'
[0.201s] Level 5:colcon.colcon_core.verb:set package 'micro_ros_msgs' build argument 'catkin_cmake_args' from command line to 'None'
[0.201s] Level 5:colcon.colcon_core.verb:set package 'micro_ros_msgs' build argument 'catkin_skip_building_tests' from command line to 'False'
[0.201s] DEBUG:colcon.colcon_core.verb:Building package 'micro_ros_msgs' with the following arguments: {'ament_cmake_args': None, 'build_base': '/home/majd/Desktop/microros_ws/build/micro_ros_msgs', 'catkin_cmake_args': None, 'catkin_skip_building_tests': False, 'cmake_args': ['-DUAGENT_BUILD_EXECUTABLE=OFF', '-DUAGENT_P2P_PROFILE=OFF', '--no-warn-unused-cli'], 'cmake_clean_cache': False, 'cmake_clean_first': False, 'cmake_force_configure': False, 'cmake_target': None, 'cmake_target_skip_unavailable': False, 'install_base': '/home/majd/Desktop/microros_ws/install/micro_ros_msgs', 'merge_install': False, 'path': '/home/majd/Desktop/microros_ws/src/uros/micro_ros_msgs', 'symlink_install': False, 'test_result_base': None}
[0.201s] Level 5:colcon.colcon_core.verb:set package 'micro_ros_agent' build argument 'cmake_args' from command line to '['-DUAGENT_BUILD_EXECUTABLE=OFF', '-DUAGENT_P2P_PROFILE=OFF', '--no-warn-unused-cli']'
[0.201s] Level 5:colcon.colcon_core.verb:set package 'micro_ros_agent' build argument 'cmake_target' from command line to 'None'
[0.201s] Level 5:colcon.colcon_core.verb:set package 'micro_ros_agent' build argument 'cmake_target_skip_unavailable' from command line to 'False'
[0.201s] Level 5:colcon.colcon_core.verb:set package 'micro_ros_agent' build argument 'cmake_clean_cache' from command line to 'False'
[0.202s] Level 5:colcon.colcon_core.verb:set package 'micro_ros_agent' build argument 'cmake_clean_first' from command line to 'False'
[0.202s] Level 5:colcon.colcon_core.verb:set package 'micro_ros_agent' build argument 'cmake_force_configure' from command line to 'False'
[0.202s] Level 5:colcon.colcon_core.verb:set package 'micro_ros_agent' build argument 'ament_cmake_args' from command line to 'None'
[0.202s] Level 5:colcon.colcon_core.verb:set package 'micro_ros_agent' build argument 'catkin_cmake_args' from command line to 'None'
[0.202s] Level 5:colcon.colcon_core.verb:set package 'micro_ros_agent' build argument 'catkin_skip_building_tests' from command line to 'False'
[0.202s] DEBUG:colcon.colcon_core.verb:Building package 'micro_ros_agent' with the following arguments: {'ament_cmake_args': None, 'build_base': '/home/majd/Desktop/microros_ws/build/micro_ros_agent', 'catkin_cmake_args': None, 'catkin_skip_building_tests': False, 'cmake_args': ['-DUAGENT_BUILD_EXECUTABLE=OFF', '-DUAGENT_P2P_PROFILE=OFF', '--no-warn-unused-cli'], 'cmake_clean_cache': False, 'cmake_clean_first': False, 'cmake_force_configure': False, 'cmake_target': None, 'cmake_target_skip_unavailable': False, 'install_base': '/home/majd/Desktop/microros_ws/install/micro_ros_agent', 'merge_install': False, 'path': '/home/majd/Desktop/microros_ws/src/uros/micro-ROS-Agent/micro_ros_agent', 'symlink_install': False, 'test_result_base': None}
[0.202s] INFO:colcon.colcon_core.executor:Executing jobs using 'parallel' executor
[0.202s] DEBUG:colcon.colcon_parallel_executor.executor.parallel:run_until_complete
[0.202s] INFO:colcon.colcon_ros.task.ament_cmake.build:Building ROS package in '/home/majd/Desktop/microros_ws/src/uros/micro_ros_msgs' with build type 'ament_cmake'
[0.202s] INFO:colcon.colcon_cmake.task.cmake.build:Building CMake package in '/home/majd/Desktop/microros_ws/src/uros/micro_ros_msgs'
[0.203s] INFO:colcon.colcon_core.plugin_system:Skipping extension 'colcon_core.shell.bat': Not used on non-Windows systems
[0.203s] INFO:colcon.colcon_core.shell:Skip shell extension 'powershell' for command environment: Not usable outside of PowerShell
[0.203s] DEBUG:colcon.colcon_core.shell:Skip shell extension 'dsv' for command environment
[0.207s] DEBUG:colcon.colcon_core.event_handler.log_command:Invoking command in '/home/majd/Desktop/microros_ws/build/micro_ros_msgs': CMAKE_PREFIX_PATH=${CMAKE_PREFIX_PATH}:/opt/ros/humble /usr/bin/cmake /home/majd/Desktop/microros_ws/src/uros/micro_ros_msgs -DUAGENT_BUILD_EXECUTABLE=OFF -DUAGENT_P2P_PROFILE=OFF --no-warn-unused-cli -DCMAKE_INSTALL_PREFIX=/home/majd/Desktop/microros_ws/install/micro_ros_msgs
[1.068s] DEBUG:colcon.colcon_core.event_handler.log_command:Invoked command in '/home/majd/Desktop/microros_ws/build/micro_ros_msgs' returned '0': CMAKE_PREFIX_PATH=${CMAKE_PREFIX_PATH}:/opt/ros/humble /usr/bin/cmake /home/majd/Desktop/microros_ws/src/uros/micro_ros_msgs -DUAGENT_BUILD_EXECUTABLE=OFF -DUAGENT_P2P_PROFILE=OFF --no-warn-unused-cli -DCMAKE_INSTALL_PREFIX=/home/majd/Desktop/microros_ws/install/micro_ros_msgs
[1.070s] DEBUG:colcon.colcon_core.event_handler.log_command:Invoking command in '/home/majd/Desktop/microros_ws/build/micro_ros_msgs': CMAKE_PREFIX_PATH=${CMAKE_PREFIX_PATH}:/opt/ros/humble /usr/bin/cmake --build /home/majd/Desktop/microros_ws/build/micro_ros_msgs -- -j16 -l16
[2.449s] DEBUG:colcon.colcon_core.event_handler.log_command:Invoked command in '/home/majd/Desktop/microros_ws/build/micro_ros_msgs' returned '0': CMAKE_PREFIX_PATH=${CMAKE_PREFIX_PATH}:/opt/ros/humble /usr/bin/cmake --build /home/majd/Desktop/microros_ws/build/micro_ros_msgs -- -j16 -l16
[2.501s] DEBUG:colcon.colcon_core.event_handler.log_command:Invoking command in '/home/majd/Desktop/microros_ws/build/micro_ros_msgs': CMAKE_PREFIX_PATH=${CMAKE_PREFIX_PATH}:/opt/ros/humble /usr/bin/cmake --install /home/majd/Desktop/microros_ws/build/micro_ros_msgs
[2.538s] Level 1:colcon.colcon_core.environment:create_environment_scripts_only(micro_ros_msgs)
[2.538s] DEBUG:colcon.colcon_core.event_handler.log_command:Invoked command in '/home/majd/Desktop/microros_ws/build/micro_ros_msgs' returned '0': CMAKE_PREFIX_PATH=${CMAKE_PREFIX_PATH}:/opt/ros/humble /usr/bin/cmake --install /home/majd/Desktop/microros_ws/build/micro_ros_msgs
[2.540s] Level 1:colcon.colcon_core.environment:checking '/home/majd/Desktop/microros_ws/install/micro_ros_msgs' for CMake module files
[2.540s] Level 1:colcon.colcon_core.environment:checking '/home/majd/Desktop/microros_ws/install/micro_ros_msgs' for CMake config files
[2.540s] Level 1:colcon.colcon_core.shell:create_environment_hook('micro_ros_msgs', 'cmake_prefix_path')
[2.540s] INFO:colcon.colcon_core.shell:Creating environment hook '/home/majd/Desktop/microros_ws/install/micro_ros_msgs/share/micro_ros_msgs/hook/cmake_prefix_path.ps1'
[2.540s] INFO:colcon.colcon_core.shell:Creating environment descriptor '/home/majd/Desktop/microros_ws/install/micro_ros_msgs/share/micro_ros_msgs/hook/cmake_prefix_path.dsv'
[2.541s] INFO:colcon.colcon_core.shell:Creating environment hook '/home/majd/Desktop/microros_ws/install/micro_ros_msgs/share/micro_ros_msgs/hook/cmake_prefix_path.sh'
[2.541s] Level 1:colcon.colcon_core.environment:checking '/home/majd/Desktop/microros_ws/install/micro_ros_msgs/lib'
[2.541s] Level 1:colcon.colcon_core.shell:create_environment_hook('micro_ros_msgs', 'ld_library_path_lib')
[2.541s] INFO:colcon.colcon_core.shell:Creating environment hook '/home/majd/Desktop/microros_ws/install/micro_ros_msgs/share/micro_ros_msgs/hook/ld_library_path_lib.ps1'
[2.542s] INFO:colcon.colcon_core.shell:Creating environment descriptor '/home/majd/Desktop/microros_ws/install/micro_ros_msgs/share/micro_ros_msgs/hook/ld_library_path_lib.dsv'
[2.542s] INFO:colcon.colcon_core.shell:Creating environment hook '/home/majd/Desktop/microros_ws/install/micro_ros_msgs/share/micro_ros_msgs/hook/ld_library_path_lib.sh'
[2.542s] Level 1:colcon.colcon_core.environment:checking '/home/majd/Desktop/microros_ws/install/micro_ros_msgs/bin'
[2.542s] Level 1:colcon.colcon_core.environment:checking '/home/majd/Desktop/microros_ws/install/micro_ros_msgs/lib/pkgconfig/micro_ros_msgs.pc'
[2.542s] Level 1:colcon.colcon_core.environment:checking '/home/majd/Desktop/microros_ws/install/micro_ros_msgs/lib/python3.10/site-packages'
[2.542s] Level 1:colcon.colcon_core.environment:checking '/home/majd/Desktop/microros_ws/install/micro_ros_msgs/bin'
[2.542s] INFO:colcon.colcon_core.shell:Creating package script '/home/majd/Desktop/microros_ws/install/micro_ros_msgs/share/micro_ros_msgs/package.ps1'
[2.543s] INFO:colcon.colcon_core.shell:Creating package descriptor '/home/majd/Desktop/microros_ws/install/micro_ros_msgs/share/micro_ros_msgs/package.dsv'
[2.543s] INFO:colcon.colcon_core.shell:Creating package script '/home/majd/Desktop/microros_ws/install/micro_ros_msgs/share/micro_ros_msgs/package.sh'
[2.543s] INFO:colcon.colcon_core.shell:Creating package script '/home/majd/Desktop/microros_ws/install/micro_ros_msgs/share/micro_ros_msgs/package.bash'
[2.544s] INFO:colcon.colcon_core.shell:Creating package script '/home/majd/Desktop/microros_ws/install/micro_ros_msgs/share/micro_ros_msgs/package.zsh'
[2.544s] Level 1:colcon.colcon_core.environment:create_file_with_runtime_dependencies(/home/majd/Desktop/microros_ws/install/micro_ros_msgs/share/colcon-core/packages/micro_ros_msgs)
[2.590s] Level 1:colcon.colcon_core.environment:create_environment_scripts_only(micro_ros_msgs)
[2.590s] Level 1:colcon.colcon_core.environment:checking '/home/majd/Desktop/microros_ws/install/micro_ros_msgs' for CMake module files
[2.591s] Level 1:colcon.colcon_core.environment:checking '/home/majd/Desktop/microros_ws/install/micro_ros_msgs' for CMake config files
[2.591s] Level 1:colcon.colcon_core.shell:create_environment_hook('micro_ros_msgs', 'cmake_prefix_path')
[2.591s] INFO:colcon.colcon_core.shell:Creating environment hook '/home/majd/Desktop/microros_ws/install/micro_ros_msgs/share/micro_ros_msgs/hook/cmake_prefix_path.ps1'
[2.591s] INFO:colcon.colcon_core.shell:Creating environment descriptor '/home/majd/Desktop/microros_ws/install/micro_ros_msgs/share/micro_ros_msgs/hook/cmake_prefix_path.dsv'
[2.591s] INFO:colcon.colcon_core.shell:Creating environment hook '/home/majd/Desktop/microros_ws/install/micro_ros_msgs/share/micro_ros_msgs/hook/cmake_prefix_path.sh'
[2.591s] Level 1:colcon.colcon_core.environment:checking '/home/majd/Desktop/microros_ws/install/micro_ros_msgs/lib'
[2.592s] Level 1:colcon.colcon_core.shell:create_environment_hook('micro_ros_msgs', 'ld_library_path_lib')
[2.592s] INFO:colcon.colcon_core.shell:Creating environment hook '/home/majd/Desktop/microros_ws/install/micro_ros_msgs/share/micro_ros_msgs/hook/ld_library_path_lib.ps1'
[2.592s] INFO:colcon.colcon_core.shell:Creating environment descriptor '/home/majd/Desktop/microros_ws/install/micro_ros_msgs/share/micro_ros_msgs/hook/ld_library_path_lib.dsv'
[2.592s] INFO:colcon.colcon_core.shell:Creating environment hook '/home/majd/Desktop/microros_ws/install/micro_ros_msgs/share/micro_ros_msgs/hook/ld_library_path_lib.sh'
[2.592s] Level 1:colcon.colcon_core.environment:checking '/home/majd/Desktop/microros_ws/install/micro_ros_msgs/bin'
[2.592s] Level 1:colcon.colcon_core.environment:checking '/home/majd/Desktop/microros_ws/install/micro_ros_msgs/lib/pkgconfig/micro_ros_msgs.pc'
[2.592s] Level 1:colcon.colcon_core.environment:checking '/home/majd/Desktop/microros_ws/install/micro_ros_msgs/lib/python3.10/site-packages'
[2.592s] Level 1:colcon.colcon_core.environment:checking '/home/majd/Desktop/microros_ws/install/micro_ros_msgs/bin'
[2.593s] INFO:colcon.colcon_core.shell:Creating package script '/home/majd/Desktop/microros_ws/install/micro_ros_msgs/share/micro_ros_msgs/package.ps1'
[2.593s] INFO:colcon.colcon_core.shell:Creating package descriptor '/home/majd/Desktop/microros_ws/install/micro_ros_msgs/share/micro_ros_msgs/package.dsv'
[2.593s] INFO:colcon.colcon_core.shell:Creating package script '/home/majd/Desktop/microros_ws/install/micro_ros_msgs/share/micro_ros_msgs/package.sh'
[2.593s] INFO:colcon.colcon_core.shell:Creating package script '/home/majd/Desktop/microros_ws/install/micro_ros_msgs/share/micro_ros_msgs/package.bash'
[2.593s] INFO:colcon.colcon_core.shell:Creating package script '/home/majd/Desktop/microros_ws/install/micro_ros_msgs/share/micro_ros_msgs/package.zsh'
[2.594s] Level 1:colcon.colcon_core.environment:create_file_with_runtime_dependencies(/home/majd/Desktop/microros_ws/install/micro_ros_msgs/share/colcon-core/packages/micro_ros_msgs)
[2.594s] INFO:colcon.colcon_ros.task.ament_cmake.build:Building ROS package in '/home/majd/Desktop/microros_ws/src/uros/micro-ROS-Agent/micro_ros_agent' with build type 'ament_cmake'
[2.594s] INFO:colcon.colcon_cmake.task.cmake.build:Building CMake package in '/home/majd/Desktop/microros_ws/src/uros/micro-ROS-Agent/micro_ros_agent'
[2.594s] INFO:colcon.colcon_core.shell:Skip shell extension 'powershell' for command environment: Not usable outside of PowerShell
[2.594s] DEBUG:colcon.colcon_core.shell:Skip shell extension 'dsv' for command environment
[2.599s] DEBUG:colcon.colcon_core.event_handler.log_command:Invoking command in '/home/majd/Desktop/microros_ws/build/micro_ros_agent': AMENT_PREFIX_PATH=/home/majd/Desktop/microros_ws/install/micro_ros_msgs:${AMENT_PREFIX_PATH} CMAKE_PREFIX_PATH=/home/majd/Desktop/microros_ws/install/micro_ros_msgs:/home/majd/Desktop/microros_ws/install/micro_ros_setup:/opt/ros/humble LD_LIBRARY_PATH=/home/majd/Desktop/microros_ws/install/micro_ros_msgs/lib:${LD_LIBRARY_PATH} PYTHONPATH=/home/majd/Desktop/microros_ws/install/micro_ros_msgs/local/lib/python3.10/dist-packages:${PYTHONPATH} /usr/bin/cmake /home/majd/Desktop/microros_ws/src/uros/micro-ROS-Agent/micro_ros_agent -DUAGENT_BUILD_EXECUTABLE=OFF -DUAGENT_P2P_PROFILE=OFF --no-warn-unused-cli -DCMAKE_INSTALL_PREFIX=/home/majd/Desktop/microros_ws/install/micro_ros_agent
[2.783s] DEBUG:colcon.colcon_core.event_handler.log_command:Invoked command in '/home/majd/Desktop/microros_ws/build/micro_ros_agent' returned '0': AMENT_PREFIX_PATH=/home/majd/Desktop/microros_ws/install/micro_ros_msgs:${AMENT_PREFIX_PATH} CMAKE_PREFIX_PATH=/home/majd/Desktop/microros_ws/install/micro_ros_msgs:/home/majd/Desktop/microros_ws/install/micro_ros_setup:/opt/ros/humble LD_LIBRARY_PATH=/home/majd/Desktop/microros_ws/install/micro_ros_msgs/lib:${LD_LIBRARY_PATH} PYTHONPATH=/home/majd/Desktop/microros_ws/install/micro_ros_msgs/local/lib/python3.10/dist-packages:${PYTHONPATH} /usr/bin/cmake /home/majd/Desktop/microros_ws/src/uros/micro-ROS-Agent/micro_ros_agent -DUAGENT_BUILD_EXECUTABLE=OFF -DUAGENT_P2P_PROFILE=OFF --no-warn-unused-cli -DCMAKE_INSTALL_PREFIX=/home/majd/Desktop/microros_ws/install/micro_ros_agent
[2.784s] DEBUG:colcon.colcon_core.event_handler.log_command:Invoking command in '/home/majd/Desktop/microros_ws/build/micro_ros_agent': AMENT_PREFIX_PATH=/home/majd/Desktop/microros_ws/install/micro_ros_msgs:${AMENT_PREFIX_PATH} CMAKE_PREFIX_PATH=/home/majd/Desktop/microros_ws/install/micro_ros_msgs:/home/majd/Desktop/microros_ws/install/micro_ros_setup:/opt/ros/humble LD_LIBRARY_PATH=/home/majd/Desktop/microros_ws/install/micro_ros_msgs/lib:${LD_LIBRARY_PATH} PYTHONPATH=/home/majd/Desktop/microros_ws/install/micro_ros_msgs/local/lib/python3.10/dist-packages:${PYTHONPATH} /usr/bin/cmake --build /home/majd/Desktop/microros_ws/build/micro_ros_agent -- -j16 -l16
[20.828s] DEBUG:colcon.colcon_core.event_handler.log_command:Invoked command in '/home/majd/Desktop/microros_ws/build/micro_ros_agent' returned '0': AMENT_PREFIX_PATH=/home/majd/Desktop/microros_ws/install/micro_ros_msgs:${AMENT_PREFIX_PATH} CMAKE_PREFIX_PATH=/home/majd/Desktop/microros_ws/install/micro_ros_msgs:/home/majd/Desktop/microros_ws/install/micro_ros_setup:/opt/ros/humble LD_LIBRARY_PATH=/home/majd/Desktop/microros_ws/install/micro_ros_msgs/lib:${LD_LIBRARY_PATH} PYTHONPATH=/home/majd/Desktop/microros_ws/install/micro_ros_msgs/local/lib/python3.10/dist-packages:${PYTHONPATH} /usr/bin/cmake --build /home/majd/Desktop/microros_ws/build/micro_ros_agent -- -j16 -l16
[20.848s] DEBUG:colcon.colcon_core.event_handler.log_command:Invoking command in '/home/majd/Desktop/microros_ws/build/micro_ros_agent': AMENT_PREFIX_PATH=/home/majd/Desktop/microros_ws/install/micro_ros_msgs:${AMENT_PREFIX_PATH} CMAKE_PREFIX_PATH=/home/majd/Desktop/microros_ws/install/micro_ros_msgs:/home/majd/Desktop/microros_ws/install/micro_ros_setup:/opt/ros/humble LD_LIBRARY_PATH=/home/majd/Desktop/microros_ws/install/micro_ros_msgs/lib:${LD_LIBRARY_PATH} PYTHONPATH=/home/majd/Desktop/microros_ws/install/micro_ros_msgs/local/lib/python3.10/dist-packages:${PYTHONPATH} /usr/bin/cmake --install /home/majd/Desktop/microros_ws/build/micro_ros_agent
[20.859s] Level 1:colcon.colcon_core.environment:create_environment_scripts_only(micro_ros_agent)
[20.860s] Level 1:colcon.colcon_core.environment:checking '/home/majd/Desktop/microros_ws/install/micro_ros_agent' for CMake module files
[20.860s] DEBUG:colcon.colcon_core.event_handler.log_command:Invoked command in '/home/majd/Desktop/microros_ws/build/micro_ros_agent' returned '0': AMENT_PREFIX_PATH=/home/majd/Desktop/microros_ws/install/micro_ros_msgs:${AMENT_PREFIX_PATH} CMAKE_PREFIX_PATH=/home/majd/Desktop/microros_ws/install/micro_ros_msgs:/home/majd/Desktop/microros_ws/install/micro_ros_setup:/opt/ros/humble LD_LIBRARY_PATH=/home/majd/Desktop/microros_ws/install/micro_ros_msgs/lib:${LD_LIBRARY_PATH} PYTHONPATH=/home/majd/Desktop/microros_ws/install/micro_ros_msgs/local/lib/python3.10/dist-packages:${PYTHONPATH} /usr/bin/cmake --install /home/majd/Desktop/microros_ws/build/micro_ros_agent
[20.860s] Level 1:colcon.colcon_core.environment:checking '/home/majd/Desktop/microros_ws/install/micro_ros_agent' for CMake config files
[20.860s] Level 1:colcon.colcon_core.shell:create_environment_hook('micro_ros_agent', 'cmake_prefix_path')
[20.860s] INFO:colcon.colcon_core.shell:Creating environment hook '/home/majd/Desktop/microros_ws/install/micro_ros_agent/share/micro_ros_agent/hook/cmake_prefix_path.ps1'
[20.860s] INFO:colcon.colcon_core.shell:Creating environment descriptor '/home/majd/Desktop/microros_ws/install/micro_ros_agent/share/micro_ros_agent/hook/cmake_prefix_path.dsv'
[20.860s] INFO:colcon.colcon_core.shell:Creating environment hook '/home/majd/Desktop/microros_ws/install/micro_ros_agent/share/micro_ros_agent/hook/cmake_prefix_path.sh'
[20.861s] Level 1:colcon.colcon_core.environment:checking '/home/majd/Desktop/microros_ws/install/micro_ros_agent/lib'
[20.861s] Level 1:colcon.colcon_core.shell:create_environment_hook('micro_ros_agent', 'ld_library_path_lib')
[20.861s] INFO:colcon.colcon_core.shell:Creating environment hook '/home/majd/Desktop/microros_ws/install/micro_ros_agent/share/micro_ros_agent/hook/ld_library_path_lib.ps1'
[20.861s] INFO:colcon.colcon_core.shell:Creating environment descriptor '/home/majd/Desktop/microros_ws/install/micro_ros_agent/share/micro_ros_agent/hook/ld_library_path_lib.dsv'
[20.861s] INFO:colcon.colcon_core.shell:Creating environment hook '/home/majd/Desktop/microros_ws/install/micro_ros_agent/share/micro_ros_agent/hook/ld_library_path_lib.sh'
[20.861s] Level 1:colcon.colcon_core.environment:checking '/home/majd/Desktop/microros_ws/install/micro_ros_agent/bin'
[20.861s] Level 1:colcon.colcon_core.environment:checking '/home/majd/Desktop/microros_ws/install/micro_ros_agent/lib/pkgconfig/micro_ros_agent.pc'
[20.862s] Level 1:colcon.colcon_core.environment:checking '/home/majd/Desktop/microros_ws/install/micro_ros_agent/lib/python3.10/site-packages'
[20.862s] Level 1:colcon.colcon_core.environment:checking '/home/majd/Desktop/microros_ws/install/micro_ros_agent/bin'
[20.862s] INFO:colcon.colcon_core.shell:Creating package script '/home/majd/Desktop/microros_ws/install/micro_ros_agent/share/micro_ros_agent/package.ps1'
[20.862s] INFO:colcon.colcon_core.shell:Creating package descriptor '/home/majd/Desktop/microros_ws/install/micro_ros_agent/share/micro_ros_agent/package.dsv'
[20.862s] INFO:colcon.colcon_core.shell:Creating package script '/home/majd/Desktop/microros_ws/install/micro_ros_agent/share/micro_ros_agent/package.sh'
[20.862s] INFO:colcon.colcon_core.shell:Creating package script '/home/majd/Desktop/microros_ws/install/micro_ros_agent/share/micro_ros_agent/package.bash'
[20.863s] INFO:colcon.colcon_core.shell:Creating package script '/home/majd/Desktop/microros_ws/install/micro_ros_agent/share/micro_ros_agent/package.zsh'
[20.863s] Level 1:colcon.colcon_core.environment:create_file_with_runtime_dependencies(/home/majd/Desktop/microros_ws/install/micro_ros_agent/share/colcon-core/packages/micro_ros_agent)
[20.880s] Level 1:colcon.colcon_core.environment:create_environment_scripts_only(micro_ros_agent)
[20.880s] Level 1:colcon.colcon_core.environment:checking '/home/majd/Desktop/microros_ws/install/micro_ros_agent' for CMake module files
[20.880s] Level 1:colcon.colcon_core.environment:checking '/home/majd/Desktop/microros_ws/install/micro_ros_agent' for CMake config files
[20.880s] Level 1:colcon.colcon_core.shell:create_environment_hook('micro_ros_agent', 'cmake_prefix_path')
[20.880s] INFO:colcon.colcon_core.shell:Creating environment hook '/home/majd/Desktop/microros_ws/install/micro_ros_agent/share/micro_ros_agent/hook/cmake_prefix_path.ps1'
[20.880s] INFO:colcon.colcon_core.shell:Creating environment descriptor '/home/majd/Desktop/microros_ws/install/micro_ros_agent/share/micro_ros_agent/hook/cmake_prefix_path.dsv'
[20.881s] INFO:colcon.colcon_core.shell:Creating environment hook '/home/majd/Desktop/microros_ws/install/micro_ros_agent/share/micro_ros_agent/hook/cmake_prefix_path.sh'
[20.881s] Level 1:colcon.colcon_core.environment:checking '/home/majd/Desktop/microros_ws/install/micro_ros_agent/lib'
[20.881s] Level 1:colcon.colcon_core.shell:create_environment_hook('micro_ros_agent', 'ld_library_path_lib')
[20.881s] INFO:colcon.colcon_core.shell:Creating environment hook '/home/majd/Desktop/microros_ws/install/micro_ros_agent/share/micro_ros_agent/hook/ld_library_path_lib.ps1'
[20.881s] INFO:colcon.colcon_core.shell:Creating environment descriptor '/home/majd/Desktop/microros_ws/install/micro_ros_agent/share/micro_ros_agent/hook/ld_library_path_lib.dsv'
[20.881s] INFO:colcon.colcon_core.shell:Creating environment hook '/home/majd/Desktop/microros_ws/install/micro_ros_agent/share/micro_ros_agent/hook/ld_library_path_lib.sh'
[20.882s] Level 1:colcon.colcon_core.environment:checking '/home/majd/Desktop/microros_ws/install/micro_ros_agent/bin'
[20.882s] Level 1:colcon.colcon_core.environment:checking '/home/majd/Desktop/microros_ws/install/micro_ros_agent/lib/pkgconfig/micro_ros_agent.pc'
[20.882s] Level 1:colcon.colcon_core.environment:checking '/home/majd/Desktop/microros_ws/install/micro_ros_agent/lib/python3.10/site-packages'
[20.882s] Level 1:colcon.colcon_core.environment:checking '/home/majd/Desktop/microros_ws/install/micro_ros_agent/bin'
[20.882s] INFO:colcon.colcon_core.shell:Creating package script '/home/majd/Desktop/microros_ws/install/micro_ros_agent/share/micro_ros_agent/package.ps1'
[20.882s] INFO:colcon.colcon_core.shell:Creating package descriptor '/home/majd/Desktop/microros_ws/install/micro_ros_agent/share/micro_ros_agent/package.dsv'
[20.883s] INFO:colcon.colcon_core.shell:Creating package script '/home/majd/Desktop/microros_ws/install/micro_ros_agent/share/micro_ros_agent/package.sh'
[20.883s] INFO:colcon.colcon_core.shell:Creating package script '/home/majd/Desktop/microros_ws/install/micro_ros_agent/share/micro_ros_agent/package.bash'
[20.883s] INFO:colcon.colcon_core.shell:Creating package script '/home/majd/Desktop/microros_ws/install/micro_ros_agent/share/micro_ros_agent/package.zsh'
[20.883s] Level 1:colcon.colcon_core.environment:create_file_with_runtime_dependencies(/home/majd/Desktop/microros_ws/install/micro_ros_agent/share/colcon-core/packages/micro_ros_agent)
[20.883s] DEBUG:colcon.colcon_parallel_executor.executor.parallel:closing loop
[20.883s] DEBUG:colcon.colcon_parallel_executor.executor.parallel:loop closed
[20.883s] DEBUG:colcon.colcon_parallel_executor.executor.parallel:run_until_complete finished with '0'
[20.884s] DEBUG:colcon.colcon_core.event_reactor:joining thread
[20.886s] INFO:colcon.colcon_core.plugin_system:Skipping extension 'colcon_notification.desktop_notification.terminal_notifier': Not used on non-Darwin systems
[20.886s] INFO:colcon.colcon_core.plugin_system:Skipping extension 'colcon_notification.desktop_notification.win32': Not used on non-Windows systems
[20.886s] INFO:colcon.colcon_notification.desktop_notification:Sending desktop notification using 'notify2'
[20.893s] DEBUG:colcon.colcon_core.event_reactor:joined thread
[20.893s] INFO:colcon.colcon_core.shell:Creating prefix script '/home/majd/Desktop/microros_ws/install/local_setup.ps1'
[20.893s] INFO:colcon.colcon_core.shell:Creating prefix util module '/home/majd/Desktop/microros_ws/install/_local_setup_util_ps1.py'
[20.894s] INFO:colcon.colcon_core.shell:Creating prefix chain script '/home/majd/Desktop/microros_ws/install/setup.ps1'
[20.895s] INFO:colcon.colcon_core.shell:Creating prefix script '/home/majd/Desktop/microros_ws/install/local_setup.sh'
[20.895s] INFO:colcon.colcon_core.shell:Creating prefix util module '/home/majd/Desktop/microros_ws/install/_local_setup_util_sh.py'
[20.895s] INFO:colcon.colcon_core.shell:Creating prefix chain script '/home/majd/Desktop/microros_ws/install/setup.sh'
[20.896s] INFO:colcon.colcon_core.shell:Creating prefix script '/home/majd/Desktop/microros_ws/install/local_setup.bash'
[20.896s] INFO:colcon.colcon_core.shell:Creating prefix chain script '/home/majd/Desktop/microros_ws/install/setup.bash'
[20.896s] INFO:colcon.colcon_core.shell:Creating prefix script '/home/majd/Desktop/microros_ws/install/local_setup.zsh'
[20.897s] INFO:colcon.colcon_core.shell:Creating prefix chain script '/home/majd/Desktop/microros_ws/install/setup.zsh'
