Built target ament_cmake_python_symlink_my_robot_localization
running egg_info
writing my_robot_localization.egg-info/PKG-INFO
writing dependency_links to my_robot_localization.egg-info/dependency_links.txt
writing top-level names to my_robot_localization.egg-info/top_level.txt
reading manifest file 'my_robot_localization.egg-info/SOURCES.txt'
writing manifest file 'my_robot_localization.egg-info/SOURCES.txt'
Built target ament_cmake_python_build_my_robot_localization_egg
-- Install configuration: ""
-- Execute custom install script
-- Up-to-date symlink: /home/majd/Desktop/ros2_ws/install/my_robot_localization/share/my_robot_localization/environment/pythonpath.sh
-- Up-to-date symlink: /home/majd/Desktop/ros2_ws/install/my_robot_localization/share/my_robot_localization/environment/pythonpath.dsv
-- Up-to-date symlink: /home/majd/Desktop/ros2_ws/install/my_robot_localization/local/lib/python3.10/dist-packages/my_robot_localization-0.0.0-py3.10.egg-info/PKG-INFO
-- Up-to-date symlink: /home/majd/Desktop/ros2_ws/install/my_robot_localization/local/lib/python3.10/dist-packages/my_robot_localization-0.0.0-py3.10.egg-info/SOURCES.txt
-- Up-to-date symlink: /home/majd/Desktop/ros2_ws/install/my_robot_localization/local/lib/python3.10/dist-packages/my_robot_localization-0.0.0-py3.10.egg-info/dependency_links.txt
-- Up-to-date symlink: /home/majd/Desktop/ros2_ws/install/my_robot_localization/local/lib/python3.10/dist-packages/my_robot_localization-0.0.0-py3.10.egg-info/top_level.txt
-- Up-to-date symlink: /home/majd/Desktop/ros2_ws/install/my_robot_localization/local/lib/python3.10/dist-packages/my_robot_localization/__init__.py
-- Up-to-date symlink: /home/majd/Desktop/ros2_ws/install/my_robot_localization/local/lib/python3.10/dist-packages/my_robot_localization/imu_republisher.py
-- Up-to-date symlink: /home/majd/Desktop/ros2_ws/install/my_robot_localization/local/lib/python3.10/dist-packages/my_robot_localization/kalman_filter.py
-- Up-to-date symlink: /home/majd/Desktop/ros2_ws/install/my_robot_localization/lib/my_robot_localization/kalman_filter.py
-- Up-to-date symlink: /home/majd/Desktop/ros2_ws/install/my_robot_localization/lib/my_robot_localization/imu_republisher.py
-- Up-to-date symlink: /home/majd/Desktop/ros2_ws/install/my_robot_localization/share/my_robot_localization/launch/local_localization.launch.py
-- Up-to-date symlink: /home/majd/Desktop/ros2_ws/install/my_robot_localization/share/my_robot_localization/config/ekf.yaml
-- Up-to-date symlink: /home/majd/Desktop/ros2_ws/install/my_robot_localization/share/ament_index/resource_index/package_run_dependencies/my_robot_localization
-- Up-to-date symlink: /home/majd/Desktop/ros2_ws/install/my_robot_localization/share/ament_index/resource_index/parent_prefix_path/my_robot_localization
-- Up-to-date symlink: /home/majd/Desktop/ros2_ws/install/my_robot_localization/share/my_robot_localization/environment/ament_prefix_path.sh
-- Up-to-date symlink: /home/majd/Desktop/ros2_ws/install/my_robot_localization/share/my_robot_localization/environment/ament_prefix_path.dsv
-- Up-to-date symlink: /home/majd/Desktop/ros2_ws/install/my_robot_localization/share/my_robot_localization/environment/path.sh
-- Up-to-date symlink: /home/majd/Desktop/ros2_ws/install/my_robot_localization/share/my_robot_localization/environment/path.dsv
-- Up-to-date symlink: /home/majd/Desktop/ros2_ws/install/my_robot_localization/share/my_robot_localization/local_setup.bash
-- Up-to-date symlink: /home/majd/Desktop/ros2_ws/install/my_robot_localization/share/my_robot_localization/local_setup.sh
-- Up-to-date symlink: /home/majd/Desktop/ros2_ws/install/my_robot_localization/share/my_robot_localization/local_setup.zsh
-- Up-to-date symlink: /home/majd/Desktop/ros2_ws/install/my_robot_localization/share/my_robot_localization/local_setup.dsv
-- Symlinking: /home/majd/Desktop/ros2_ws/install/my_robot_localization/share/my_robot_localization/package.dsv
-- Up-to-date symlink: /home/majd/Desktop/ros2_ws/install/my_robot_localization/share/ament_index/resource_index/packages/my_robot_localization
-- Up-to-date symlink: /home/majd/Desktop/ros2_ws/install/my_robot_localization/share/my_robot_localization/cmake/my_robot_localizationConfig.cmake
-- Up-to-date symlink: /home/majd/Desktop/ros2_ws/install/my_robot_localization/share/my_robot_localization/cmake/my_robot_localizationConfig-version.cmake
-- Up-to-date symlink: /home/majd/Desktop/ros2_ws/install/my_robot_localization/share/my_robot_localization/package.xml
Listing '/home/majd/Desktop/ros2_ws/install/my_robot_localization/local/lib/python3.10/dist-packages/my_robot_localization'...
