[0.008s] Invoking command in '/home/majd/Desktop/ros2_ws/build/my_robot_localization': CMAKE_PREFIX_PATH=/opt/ros/humble /usr/bin/cmake --build /home/majd/Desktop/ros2_ws/build/my_robot_localization -- -j16 -l16
[0.045s] Built target ament_cmake_python_symlink_my_robot_localization
[0.196s] running egg_info
[0.196s] writing my_robot_localization.egg-info/PKG-INFO
[0.197s] writing dependency_links to my_robot_localization.egg-info/dependency_links.txt
[0.197s] writing top-level names to my_robot_localization.egg-info/top_level.txt
[0.198s] reading manifest file 'my_robot_localization.egg-info/SOURCES.txt'
[0.198s] writing manifest file 'my_robot_localization.egg-info/SOURCES.txt'
[0.212s] Built target ament_cmake_python_build_my_robot_localization_egg
[0.218s] Invoked command in '/home/majd/Desktop/ros2_ws/build/my_robot_localization' returned '0': CMAKE_PREFIX_PATH=/opt/ros/humble /usr/bin/cmake --build /home/majd/Desktop/ros2_ws/build/my_robot_localization -- -j16 -l16
[0.230s] Invoking command in '/home/majd/Desktop/ros2_ws/build/my_robot_localization': CMAKE_PREFIX_PATH=/opt/ros/humble /usr/bin/cmake --install /home/majd/Desktop/ros2_ws/build/my_robot_localization
[0.234s] -- Install configuration: ""
[0.234s] -- Execute custom install script
[0.234s] -- Up-to-date symlink: /home/majd/Desktop/ros2_ws/install/my_robot_localization/share/my_robot_localization/environment/pythonpath.sh
[0.234s] -- Up-to-date symlink: /home/majd/Desktop/ros2_ws/install/my_robot_localization/share/my_robot_localization/environment/pythonpath.dsv
[0.234s] -- Up-to-date symlink: /home/majd/Desktop/ros2_ws/install/my_robot_localization/local/lib/python3.10/dist-packages/my_robot_localization-0.0.0-py3.10.egg-info/PKG-INFO
[0.234s] -- Up-to-date symlink: /home/majd/Desktop/ros2_ws/install/my_robot_localization/local/lib/python3.10/dist-packages/my_robot_localization-0.0.0-py3.10.egg-info/SOURCES.txt
[0.235s] -- Up-to-date symlink: /home/majd/Desktop/ros2_ws/install/my_robot_localization/local/lib/python3.10/dist-packages/my_robot_localization-0.0.0-py3.10.egg-info/dependency_links.txt
[0.235s] -- Up-to-date symlink: /home/majd/Desktop/ros2_ws/install/my_robot_localization/local/lib/python3.10/dist-packages/my_robot_localization-0.0.0-py3.10.egg-info/top_level.txt
[0.235s] -- Up-to-date symlink: /home/majd/Desktop/ros2_ws/install/my_robot_localization/local/lib/python3.10/dist-packages/my_robot_localization/__init__.py
[0.235s] -- Up-to-date symlink: /home/majd/Desktop/ros2_ws/install/my_robot_localization/local/lib/python3.10/dist-packages/my_robot_localization/imu_republisher.py
[0.235s] -- Up-to-date symlink: /home/majd/Desktop/ros2_ws/install/my_robot_localization/local/lib/python3.10/dist-packages/my_robot_localization/kalman_filter.py
[0.235s] -- Up-to-date symlink: /home/majd/Desktop/ros2_ws/install/my_robot_localization/lib/my_robot_localization/kalman_filter.py
[0.235s] -- Up-to-date symlink: /home/majd/Desktop/ros2_ws/install/my_robot_localization/lib/my_robot_localization/imu_republisher.py
[0.235s] -- Up-to-date symlink: /home/majd/Desktop/ros2_ws/install/my_robot_localization/share/my_robot_localization/launch/local_localization.launch.py
[0.235s] -- Up-to-date symlink: /home/majd/Desktop/ros2_ws/install/my_robot_localization/share/my_robot_localization/config/ekf.yaml
[0.235s] -- Up-to-date symlink: /home/majd/Desktop/ros2_ws/install/my_robot_localization/share/ament_index/resource_index/package_run_dependencies/my_robot_localization
[0.235s] -- Up-to-date symlink: /home/majd/Desktop/ros2_ws/install/my_robot_localization/share/ament_index/resource_index/parent_prefix_path/my_robot_localization
[0.236s] -- Up-to-date symlink: /home/majd/Desktop/ros2_ws/install/my_robot_localization/share/my_robot_localization/environment/ament_prefix_path.sh
[0.236s] -- Up-to-date symlink: /home/majd/Desktop/ros2_ws/install/my_robot_localization/share/my_robot_localization/environment/ament_prefix_path.dsv
[0.236s] -- Up-to-date symlink: /home/majd/Desktop/ros2_ws/install/my_robot_localization/share/my_robot_localization/environment/path.sh
[0.236s] -- Up-to-date symlink: /home/majd/Desktop/ros2_ws/install/my_robot_localization/share/my_robot_localization/environment/path.dsv
[0.236s] -- Up-to-date symlink: /home/majd/Desktop/ros2_ws/install/my_robot_localization/share/my_robot_localization/local_setup.bash
[0.236s] -- Up-to-date symlink: /home/majd/Desktop/ros2_ws/install/my_robot_localization/share/my_robot_localization/local_setup.sh
[0.236s] -- Up-to-date symlink: /home/majd/Desktop/ros2_ws/install/my_robot_localization/share/my_robot_localization/local_setup.zsh
[0.236s] -- Up-to-date symlink: /home/majd/Desktop/ros2_ws/install/my_robot_localization/share/my_robot_localization/local_setup.dsv
[0.236s] -- Symlinking: /home/majd/Desktop/ros2_ws/install/my_robot_localization/share/my_robot_localization/package.dsv
[0.241s] -- Up-to-date symlink: /home/majd/Desktop/ros2_ws/install/my_robot_localization/share/ament_index/resource_index/packages/my_robot_localization
[0.241s] -- Up-to-date symlink: /home/majd/Desktop/ros2_ws/install/my_robot_localization/share/my_robot_localization/cmake/my_robot_localizationConfig.cmake
[0.241s] -- Up-to-date symlink: /home/majd/Desktop/ros2_ws/install/my_robot_localization/share/my_robot_localization/cmake/my_robot_localizationConfig-version.cmake
[0.241s] -- Up-to-date symlink: /home/majd/Desktop/ros2_ws/install/my_robot_localization/share/my_robot_localization/package.xml
[0.258s] Listing '/home/majd/Desktop/ros2_ws/install/my_robot_localization/local/lib/python3.10/dist-packages/my_robot_localization'...
[0.262s] Invoked command in '/home/majd/Desktop/ros2_ws/build/my_robot_localization' returned '0': CMAKE_PREFIX_PATH=/opt/ros/humble /usr/bin/cmake --install /home/majd/Desktop/ros2_ws/build/my_robot_localization
