[0.010s] Invoking command in '/home/majd/Desktop/ros2_ws/build/my_robot_description': CMAKE_PREFIX_PATH=/opt/ros/humble /usr/bin/cmake --build /home/majd/Desktop/ros2_ws/build/my_robot_description -- -j16 -l16
[0.031s] Invoked command in '/home/majd/Desktop/ros2_ws/build/my_robot_description' returned '0': CMAKE_PREFIX_PATH=/opt/ros/humble /usr/bin/cmake --build /home/majd/Desktop/ros2_ws/build/my_robot_description -- -j16 -l16
[0.049s] Invoking command in '/home/majd/Desktop/ros2_ws/build/my_robot_description': CMAKE_PREFIX_PATH=/opt/ros/humble /usr/bin/cmake --install /home/majd/Desktop/ros2_ws/build/my_robot_description
[0.057s] -- Install configuration: ""
[0.057s] -- Execute custom install script
[0.057s] -- Up-to-date symlink: /home/majd/Desktop/ros2_ws/install/my_robot_description/share/my_robot_description//urdf/common_properties.xacro
[0.057s] -- Up-to-date symlink: /home/majd/Desktop/ros2_ws/install/my_robot_description/share/my_robot_description//urdf/gyroscope.xacro
[0.057s] -- Up-to-date symlink: /home/majd/Desktop/ros2_ws/install/my_robot_description/share/my_robot_description//urdf/lidar.xacro
[0.057s] -- Up-to-date symlink: /home/majd/Desktop/ros2_ws/install/my_robot_description/share/my_robot_description//urdf/my_robot.urdf.xacro
[0.057s] -- Up-to-date symlink: /home/majd/Desktop/ros2_ws/install/my_robot_description/share/my_robot_description//urdf/my_robot_base.xacro
[0.057s] -- Up-to-date symlink: /home/majd/Desktop/ros2_ws/install/my_robot_description/share/my_robot_description//urdf/my_robot_base_mesh.xacro
[0.057s] -- Up-to-date symlink: /home/majd/Desktop/ros2_ws/install/my_robot_description/share/my_robot_description//urdf/my_robot_gazebo_control.xacro
[0.057s] -- Up-to-date symlink: /home/majd/Desktop/ros2_ws/install/my_robot_description/share/my_robot_description//urdf/my_robot_ros2_control.xacro
[0.057s] -- Symlinking: /home/majd/Desktop/ros2_ws/install/my_robot_description/share/my_robot_description//launch/__pycache__/my_robot_description.launch.cpython-310.pyc
[0.064s] -- Up-to-date symlink: /home/majd/Desktop/ros2_ws/install/my_robot_description/share/my_robot_description//launch/display.launch.xml
[0.064s] -- Up-to-date symlink: /home/majd/Desktop/ros2_ws/install/my_robot_description/share/my_robot_description//launch/my_robot_description.launch.py
[0.064s] -- Up-to-date symlink: /home/majd/Desktop/ros2_ws/install/my_robot_description/share/my_robot_description//launch/my_robot_gazebo_launch.xml
[0.064s] -- Up-to-date symlink: /home/majd/Desktop/ros2_ws/install/my_robot_description/share/my_robot_description//config/gazebo_params.yaml
[0.064s] -- Up-to-date symlink: /home/majd/Desktop/ros2_ws/install/my_robot_description/share/my_robot_description//config/my_controllers.yaml
[0.064s] -- Up-to-date symlink: /home/majd/Desktop/ros2_ws/install/my_robot_description/share/my_robot_description//config/my_robot.rviz
[0.064s] -- Up-to-date symlink: /home/majd/Desktop/ros2_ws/install/my_robot_description/share/my_robot_description//meshes_description/my_robot.dae
[0.064s] -- Up-to-date symlink: /home/majd/Desktop/ros2_ws/install/my_robot_description/share/my_robot_description//meshes_description/my_robot.stl
[0.064s] -- Up-to-date symlink: /home/majd/Desktop/ros2_ws/install/my_robot_description/share/ament_index/resource_index/package_run_dependencies/my_robot_description
[0.064s] -- Up-to-date symlink: /home/majd/Desktop/ros2_ws/install/my_robot_description/share/ament_index/resource_index/parent_prefix_path/my_robot_description
[0.064s] -- Up-to-date symlink: /home/majd/Desktop/ros2_ws/install/my_robot_description/share/my_robot_description/environment/ament_prefix_path.sh
[0.064s] -- Up-to-date symlink: /home/majd/Desktop/ros2_ws/install/my_robot_description/share/my_robot_description/environment/ament_prefix_path.dsv
[0.065s] -- Up-to-date symlink: /home/majd/Desktop/ros2_ws/install/my_robot_description/share/my_robot_description/environment/path.sh
[0.065s] -- Up-to-date symlink: /home/majd/Desktop/ros2_ws/install/my_robot_description/share/my_robot_description/environment/path.dsv
[0.065s] -- Up-to-date symlink: /home/majd/Desktop/ros2_ws/install/my_robot_description/share/my_robot_description/local_setup.bash
[0.065s] -- Up-to-date symlink: /home/majd/Desktop/ros2_ws/install/my_robot_description/share/my_robot_description/local_setup.sh
[0.065s] -- Up-to-date symlink: /home/majd/Desktop/ros2_ws/install/my_robot_description/share/my_robot_description/local_setup.zsh
[0.065s] -- Up-to-date symlink: /home/majd/Desktop/ros2_ws/install/my_robot_description/share/my_robot_description/local_setup.dsv
[0.065s] -- Symlinking: /home/majd/Desktop/ros2_ws/install/my_robot_description/share/my_robot_description/package.dsv
[0.071s] -- Up-to-date symlink: /home/majd/Desktop/ros2_ws/install/my_robot_description/share/ament_index/resource_index/packages/my_robot_description
[0.071s] -- Up-to-date symlink: /home/majd/Desktop/ros2_ws/install/my_robot_description/share/my_robot_description/cmake/my_robot_descriptionConfig.cmake
[0.071s] -- Up-to-date symlink: /home/majd/Desktop/ros2_ws/install/my_robot_description/share/my_robot_description/cmake/my_robot_descriptionConfig-version.cmake
[0.071s] -- Up-to-date symlink: /home/majd/Desktop/ros2_ws/install/my_robot_description/share/my_robot_description/package.xml
[0.073s] Invoked command in '/home/majd/Desktop/ros2_ws/build/my_robot_description' returned '0': CMAKE_PREFIX_PATH=/opt/ros/humble /usr/bin/cmake --install /home/majd/Desktop/ros2_ws/build/my_robot_description
